This is pdfTeX, Version 3.14159265-2.6-1.40.21 (MiKTeX 20.6.29) (preloaded format=latex 2020.7.31)  1 AUG 2020 00:34
entering extended mode
**./introduction.tex
(introduction.tex
LaTeX2e <2020-02-02> patch level 5
L3 programming layer <2020-07-17>
! Undefined control sequence.
l.1 \chapter
            *{–í–≤–µ–¥–µ–Ω–∏–µ}                         % –ó–∞–≥–æ–ª–æ–≤–æ–∫
The control sequence at the end of the top line
of your error message was never \def'ed. If you have
misspelled it (e.g., `\hobx'), type `I' and the correct
spelling (e.g., `I\hbox'). Otherwise just continue,
and I'll forget about whatever was undefined.


! LaTeX Error: Missing \begin{document}.

See the LaTeX manual or LaTeX Companion for explanation.
Type  H <return>  for immediate help.
 ...                                              
                                                  
l.1 \chapter*
             {–í–≤–µ–¥–µ–Ω–∏–µ}                         % –ó–∞–≥–æ–ª–æ–≤–æ–∫
You're in trouble here.  Try typing  <return>  to proceed.
If that doesn't work, type  X <return>  to quit.

Missing character: There is no * in font nullfont!

! Package inputenc Error: Unicode character –í (U+0412)
(inputenc)                not set up for use with LaTeX.

See the inputenc package documentation for explanation.
Type  H <return>  for immediate help.
 ...                                              
                                                  
l.1 \chapter*{–í
                –≤–µ–¥–µ–Ω–∏–µ}                         % –ó–∞–≥–æ–ª–æ–≤–æ–∫
You may provide a definition with
\DeclareUnicodeCharacter 


! Package inputenc Error: Unicode character –≤ (U+0432)
(inputenc)                not set up for use with LaTeX.

See the inputenc package documentation for explanation.
Type  H <return>  for immediate help.
 ...                                              
                                                  
l.1 \chapter*{–í–≤
                  –µ–¥–µ–Ω–∏–µ}                         % –ó–∞–≥–æ–ª–æ–≤–æ–∫
You may provide a definition with
\DeclareUnicodeCharacter 


! Package inputenc Error: Unicode character –µ (U+0435)
(inputenc)                not set up for use with LaTeX.

See the inputenc package documentation for explanation.
Type  H <return>  for immediate help.
 ...                                              
                                                  
l.1 \chapter*{–í–≤–µ
                    –¥–µ–Ω–∏–µ}                         % –ó–∞–≥–æ–ª–æ–≤–æ–∫
You may provide a definition with
\DeclareUnicodeCharacter 


! Package inputenc Error: Unicode character –¥ (U+0434)
(inputenc)                not set up for use with LaTeX.

See the inputenc package documentation for explanation.
Type  H <return>  for immediate help.
 ...                                              
                                                  
l.1 \chapter*{–í–≤–µ–¥
                      –µ–Ω–∏–µ}                         % –ó–∞–≥–æ–ª–æ–≤–æ–∫
You may provide a definition with
\DeclareUnicodeCharacter 


! Package inputenc Error: Unicode character –µ (U+0435)
(inputenc)                not set up for use with LaTeX.

See the inputenc package documentation for explanation.
Type  H <return>  for immediate help.
 ...                                              
                                                  
l.1 \chapter*{–í–≤–µ–¥–µ
                        –Ω–∏–µ}                         % –ó–∞–≥–æ–ª–æ–≤–æ–∫
You may provide a definition with
\DeclareUnicodeCharacter 


! Package inputenc Error: Unicode character –Ω (U+043D)
(inputenc)                not set up for use with LaTeX.

See the inputenc package documentation for explanation.
Type  H <return>  for immediate help.
 ...                                              
                                                  
l.1 \chapter*{–í–≤–µ–¥–µ–Ω
                          –∏–µ}                         % –ó–∞–≥–æ–ª–æ–≤–æ–∫
You may provide a definition with
\DeclareUnicodeCharacter 


! Package inputenc Error: Unicode character –∏ (U+0438)
(inputenc)                not set up for use with LaTeX.

See the inputenc package documentation for explanation.
Type  H <return>  for immediate help.
 ...                                              
                                                  
l.1 \chapter*{–í–≤–µ–¥–µ–Ω–∏
                            –µ}                         % –ó–∞–≥–æ–ª–æ–≤–æ–∫
You may provide a definition with
\DeclareUnicodeCharacter 


! Package inputenc Error: Unicode character –µ (U+0435)
(inputenc)                not set up for use with LaTeX.

See the inputenc package documentation for explanation.
Type  H <return>  for immediate help.
 ...                                              
                                                  
l.1 \chapter*{–í–≤–µ–¥–µ–Ω–∏–µ
                              }                         % –ó–∞–≥–æ–ª–æ–≤–æ–∫
You may provide a definition with
\DeclareUnicodeCharacter 


Overfull \hbox (20.0pt too wide) in paragraph at lines 1--3
[]
 []


! Package inputenc Error: Unicode character –° (U+0421)
(inputenc)                not set up for use with LaTeX.

See the inputenc package documentation for explanation.
Type  H <return>  for immediate help.
 ...                                              
                                                  
l.20 –°
       –ª–æ–≤–æ —Ä–µ–ø–ª–∏–∫–∞—Ü–∏—è –ø—Ä–æ–∏—Å—Ö–æ–¥–∏—Ç –æ—Ç –ª–∞—Ç–∏–Ω—Å–...

You may provide a definition with
\DeclareUnicodeCharacter 


! Package inputenc Error: Unicode character –ª (U+043B)
(inputenc)                not set up for use with LaTeX.

See the inputenc package documentation for explanation.
Type  H <return>  for immediate help.
 ...                                              
                                                  
l.20 –°–ª
         –æ–≤–æ —Ä–µ–ø–ª–∏–∫–∞—Ü–∏—è –ø—Ä–æ–∏—Å—Ö–æ–¥–∏—Ç –æ—Ç –ª–∞—Ç–∏–Ω—Å–...

You may provide a definition with
\DeclareUnicodeCharacter 


! Package inputenc Error: Unicode character –æ (U+043E)
(inputenc)                not set up for use with LaTeX.

See the inputenc package documentation for explanation.
Type  H <return>  for immediate help.
 ...                                              
                                                  
l.20 –°–ª–æ
           –≤–æ —Ä–µ–ø–ª–∏–∫–∞—Ü–∏—è –ø—Ä–æ–∏—Å—Ö–æ–¥–∏—Ç –æ—Ç –ª–∞—Ç–∏–Ω—Å–...

You may provide a definition with
\DeclareUnicodeCharacter 


! Package inputenc Error: Unicode character –≤ (U+0432)
(inputenc)                not set up for use with LaTeX.

See the inputenc package documentation for explanation.
Type  H <return>  for immediate help.
 ...                                              
                                                  
l.20 –°–ª–æ–≤
             –æ —Ä–µ–ø–ª–∏–∫–∞—Ü–∏—è –ø—Ä–æ–∏—Å—Ö–æ–¥–∏—Ç –æ—Ç –ª–∞—Ç–∏–Ω—Å–...

You may provide a definition with
\DeclareUnicodeCharacter 


! Package inputenc Error: Unicode character –æ (U+043E)
(inputenc)                not set up for use with LaTeX.

See the inputenc package documentation for explanation.
Type  H <return>  for immediate help.
 ...                                              
                                                  
l.20 –°–ª–æ–≤–æ
                —Ä–µ–ø–ª–∏–∫–∞—Ü–∏—è –ø—Ä–æ–∏—Å—Ö–æ–¥–∏—Ç –æ—Ç –ª–∞—Ç–∏–Ω—Å–...

You may provide a definition with
\DeclareUnicodeCharacter 


! Package inputenc Error: Unicode character —Ä (U+0440)
(inputenc)                not set up for use with LaTeX.

See the inputenc package documentation for explanation.
Type  H <return>  for immediate help.
 ...                                              
                                                  
l.20 –°–ª–æ–≤–æ —Ä
                  –µ–ø–ª–∏–∫–∞—Ü–∏—è –ø—Ä–æ–∏—Å—Ö–æ–¥–∏—Ç –æ—Ç –ª–∞—Ç–∏–Ω—Å–...

You may provide a definition with
\DeclareUnicodeCharacter 


! Package inputenc Error: Unicode character –µ (U+0435)
(inputenc)                not set up for use with LaTeX.

See the inputenc package documentation for explanation.
Type  H <return>  for immediate help.
 ...                                              
                                                  
l.20 –°–ª–æ–≤–æ —Ä–µ
                    –ø–ª–∏–∫–∞—Ü–∏—è –ø—Ä–æ–∏—Å—Ö–æ–¥–∏—Ç –æ—Ç –ª–∞—Ç–∏–Ω—Å–...

You may provide a definition with
\DeclareUnicodeCharacter 


! Package inputenc Error: Unicode character –ø (U+043F)
(inputenc)                not set up for use with LaTeX.

See the inputenc package documentation for explanation.
Type  H <return>  for immediate help.
 ...                                              
                                                  
l.20 –°–ª–æ–≤–æ —Ä–µ–ø
                      –ª–∏–∫–∞—Ü–∏—è –ø—Ä–æ–∏—Å—Ö–æ–¥–∏—Ç –æ—Ç –ª–∞—Ç–∏–Ω—Å–...

You may provide a definition with
\DeclareUnicodeCharacter 


! Package inputenc Error: Unicode character –ª (U+043B)
(inputenc)                not set up for use with LaTeX.

See the inputenc package documentation for explanation.
Type  H <return>  for immediate help.
 ...                                              
                                                  
l.20 –°–ª–æ–≤–æ —Ä–µ–ø–ª
                        –∏–∫–∞—Ü–∏—è –ø—Ä–æ–∏—Å—Ö–æ–¥–∏—Ç –æ—Ç –ª–∞—Ç–∏–Ω—Å–...

You may provide a definition with
\DeclareUnicodeCharacter 


! Package inputenc Error: Unicode character –∏ (U+0438)
(inputenc)                not set up for use with LaTeX.

See the inputenc package documentation for explanation.
Type  H <return>  for immediate help.
 ...                                              
                                                  
l.20 –°–ª–æ–≤–æ —Ä–µ–ø–ª–∏
                          –∫–∞—Ü–∏—è –ø—Ä–æ–∏—Å—Ö–æ–¥–∏—Ç –æ—Ç –ª–∞—Ç–∏–Ω—Å–...

You may provide a definition with
\DeclareUnicodeCharacter 


! Package inputenc Error: Unicode character –∫ (U+043A)
(inputenc)                not set up for use with LaTeX.

See the inputenc package documentation for explanation.
Type  H <return>  for immediate help.
 ...                                              
                                                  
l.20 –°–ª–æ–≤–æ —Ä–µ–ø–ª–∏–∫
                            –∞—Ü–∏—è –ø—Ä–æ–∏—Å—Ö–æ–¥–∏—Ç –æ—Ç –ª–∞—Ç–∏–Ω—Å–...

You may provide a definition with
\DeclareUnicodeCharacter 


! Package inputenc Error: Unicode character –∞ (U+0430)
(inputenc)                not set up for use with LaTeX.

See the inputenc package documentation for explanation.
Type  H <return>  for immediate help.
 ...                                              
                                                  
l.20 –°–ª–æ–≤–æ —Ä–µ–ø–ª–∏–∫–∞
                              —Ü–∏—è –ø—Ä–æ–∏—Å—Ö–æ–¥–∏—Ç –æ—Ç –ª–∞—Ç–∏–Ω—Å–...

You may provide a definition with
\DeclareUnicodeCharacter 


! Package inputenc Error: Unicode character —Ü (U+0446)
(inputenc)                not set up for use with LaTeX.

See the inputenc package documentation for explanation.
Type  H <return>  for immediate help.
 ...                                              
                                                  
l.20 –°–ª–æ–≤–æ —Ä–µ–ø–ª–∏–∫–∞—Ü
                                –∏—è –ø—Ä–æ–∏—Å—Ö–æ–¥–∏—Ç –æ—Ç –ª–∞—Ç–∏–Ω—Å–...

You may provide a definition with
\DeclareUnicodeCharacter 


! Package inputenc Error: Unicode character –∏ (U+0438)
(inputenc)                not set up for use with LaTeX.

See the inputenc package documentation for explanation.
Type  H <return>  for immediate help.
 ...                                              
                                                  
l.20 –°–ª–æ–≤–æ —Ä–µ–ø–ª–∏–∫–∞—Ü–∏
                                  —è –ø—Ä–æ–∏—Å—Ö–æ–¥–∏—Ç –æ—Ç –ª–∞—Ç–∏–Ω—Å–...

You may provide a definition with
\DeclareUnicodeCharacter 


! Package inputenc Error: Unicode character —è (U+044F)
(inputenc)                not set up for use with LaTeX.

See the inputenc package documentation for explanation.
Type  H <return>  for immediate help.
 ...                                              
                                                  
l.20 –°–ª–æ–≤–æ —Ä–µ–ø–ª–∏–∫–∞—Ü–∏—è
                                     –ø—Ä–æ–∏—Å—Ö–æ–¥–∏—Ç –æ—Ç –ª–∞—Ç–∏–Ω—Å–...

You may provide a definition with
\DeclareUnicodeCharacter 


! Package inputenc Error: Unicode character –ø (U+043F)
(inputenc)                not set up for use with LaTeX.

See the inputenc package documentation for explanation.
Type  H <return>  for immediate help.
 ...                                              
                                                  
l.20 –°–ª–æ–≤–æ —Ä–µ–ø–ª–∏–∫–∞—Ü–∏—è –ø
                                       —Ä–æ–∏—Å—Ö–æ–¥–∏—Ç –æ—Ç –ª–∞—Ç–∏–Ω—Å–...

You may provide a definition with
\DeclareUnicodeCharacter 


! Package inputenc Error: Unicode character —Ä (U+0440)
(inputenc)                not set up for use with LaTeX.

See the inputenc package documentation for explanation.
Type  H <return>  for immediate help.
 ...                                              
                                                  
l.20 –°–ª–æ–≤–æ —Ä–µ–ø–ª–∏–∫–∞—Ü–∏—è –ø—Ä
                                         –æ–∏—Å—Ö–æ–¥–∏—Ç –æ—Ç –ª–∞—Ç–∏–Ω—Å–...

You may provide a definition with
\DeclareUnicodeCharacter 


! Package inputenc Error: Unicode character –æ (U+043E)
(inputenc)                not set up for use with LaTeX.

See the inputenc package documentation for explanation.
Type  H <return>  for immediate help.
 ...                                              
                                                  
l.20 –°–ª–æ–≤–æ —Ä–µ–ø–ª–∏–∫–∞—Ü–∏—è –ø—Ä–æ
                                           –∏—Å—Ö–æ–¥–∏—Ç –æ—Ç –ª–∞—Ç–∏–Ω—Å–...

You may provide a definition with
\DeclareUnicodeCharacter 


! Package inputenc Error: Unicode character –∏ (U+0438)
(inputenc)                not set up for use with LaTeX.

See the inputenc package documentation for explanation.
Type  H <return>  for immediate help.
 ...                                              
                                                  
l.20 –°–ª–æ–≤–æ —Ä–µ–ø–ª–∏–∫–∞—Ü–∏—è –ø—Ä–æ–∏
                                             —Å—Ö–æ–¥–∏—Ç –æ—Ç –ª–∞—Ç–∏–Ω—Å–...

You may provide a definition with
\DeclareUnicodeCharacter 


! Package inputenc Error: Unicode character —Å (U+0441)
(inputenc)                not set up for use with LaTeX.

See the inputenc package documentation for explanation.
Type  H <return>  for immediate help.
 ...                                              
                                                  
l.20 –°–ª–æ–≤–æ —Ä–µ–ø–ª–∏–∫–∞—Ü–∏—è –ø—Ä–æ–∏—Å
                                               —Ö–æ–¥–∏—Ç –æ—Ç –ª–∞—Ç–∏–Ω—Å–...

You may provide a definition with
\DeclareUnicodeCharacter 


! Package inputenc Error: Unicode character —Ö (U+0445)
(inputenc)                not set up for use with LaTeX.

See the inputenc package documentation for explanation.
Type  H <return>  for immediate help.
 ...                                              
                                                  
l.20 –°–ª–æ–≤–æ —Ä–µ–ø–ª–∏–∫–∞—Ü–∏—è –ø—Ä–æ–∏—Å—Ö
                                                 –æ–¥–∏—Ç –æ—Ç –ª–∞—Ç–∏–Ω—Å–...

You may provide a definition with
\DeclareUnicodeCharacter 


! Package inputenc Error: Unicode character –æ (U+043E)
(inputenc)                not set up for use with LaTeX.

See the inputenc package documentation for explanation.
Type  H <return>  for immediate help.
 ...                                              
                                                  
l.20 ...–æ–≤–æ —Ä–µ–ø–ª–∏–∫–∞—Ü–∏—è –ø—Ä–æ–∏—Å—Ö–æ
                                                  –¥–∏—Ç –æ—Ç –ª–∞—Ç–∏–Ω—Å–∫...

You may provide a definition with
\DeclareUnicodeCharacter 


! Package inputenc Error: Unicode character –¥ (U+0434)
(inputenc)                not set up for use with LaTeX.

See the inputenc package documentation for explanation.
Type  H <return>  for immediate help.
 ...                                              
                                                  
l.20 ...–≤–æ —Ä–µ–ø–ª–∏–∫–∞—Ü–∏—è –ø—Ä–æ–∏—Å—Ö–æ–¥
                                                  –∏—Ç –æ—Ç –ª–∞—Ç–∏–Ω—Å–∫–æ...

You may provide a definition with
\DeclareUnicodeCharacter 


! Package inputenc Error: Unicode character –∏ (U+0438)
(inputenc)                not set up for use with LaTeX.

See the inputenc package documentation for explanation.
Type  H <return>  for immediate help.
 ...                                              
                                                  
l.20 ...–æ —Ä–µ–ø–ª–∏–∫–∞—Ü–∏—è –ø—Ä–æ–∏—Å—Ö–æ–¥–∏
                                                  —Ç –æ—Ç –ª–∞—Ç–∏–Ω—Å–∫–æ–≥...

You may provide a definition with
\DeclareUnicodeCharacter 


! Package inputenc Error: Unicode character —Ç (U+0442)
(inputenc)                not set up for use with LaTeX.

See the inputenc package documentation for explanation.
Type  H <return>  for immediate help.
 ...                                              
                                                  
l.20 ... —Ä–µ–ø–ª–∏–∫–∞—Ü–∏—è –ø—Ä–æ–∏—Å—Ö–æ–¥–∏—Ç
                                                   –æ—Ç –ª–∞—Ç–∏–Ω—Å–∫–æ–≥–æ...

You may provide a definition with
\DeclareUnicodeCharacter 


! Package inputenc Error: Unicode character –æ (U+043E)
(inputenc)                not set up for use with LaTeX.

See the inputenc package documentation for explanation.
Type  H <return>  for immediate help.
 ...                                              
                                                  
l.20 ...–µ–ø–ª–∏–∫–∞—Ü–∏—è –ø—Ä–æ–∏—Å—Ö–æ–¥–∏—Ç –æ
                                                  —Ç –ª–∞—Ç–∏–Ω—Å–∫–æ–≥–æ $R...

You may provide a definition with
\DeclareUnicodeCharacter 


! Package inputenc Error: Unicode character —Ç (U+0442)
(inputenc)                not set up for use with LaTeX.

See the inputenc package documentation for explanation.
Type  H <return>  for immediate help.
 ...                                              
                                                  
l.20 ...–ø–ª–∏–∫–∞—Ü–∏—è –ø—Ä–æ–∏—Å—Ö–æ–¥–∏—Ç –æ—Ç
                                                   –ª–∞—Ç–∏–Ω—Å–∫–æ–≥–æ $Rep...

You may provide a definition with
\DeclareUnicodeCharacter 


! Package inputenc Error: Unicode character –ª (U+043B)
(inputenc)                not set up for use with LaTeX.

See the inputenc package documentation for explanation.
Type  H <return>  for immediate help.
 ...                                              
                                                  
l.20 ...ª–∏–∫–∞—Ü–∏—è –ø—Ä–æ–∏—Å—Ö–æ–¥–∏—Ç –æ—Ç –ª
                                                  –∞—Ç–∏–Ω—Å–∫–æ–≥–æ $Replic...

You may provide a definition with
\DeclareUnicodeCharacter 


! Package inputenc Error: Unicode character –∞ (U+0430)
(inputenc)                not set up for use with LaTeX.

See the inputenc package documentation for explanation.
Type  H <return>  for immediate help.
 ...                                              
                                                  
l.20 ...∏–∫–∞—Ü–∏—è –ø—Ä–æ–∏—Å—Ö–æ–¥–∏—Ç –æ—Ç –ª–∞
                                                  —Ç–∏–Ω—Å–∫–æ–≥–æ $Replicat...

You may provide a definition with
\DeclareUnicodeCharacter 


! Package inputenc Error: Unicode character —Ç (U+0442)
(inputenc)                not set up for use with LaTeX.

See the inputenc package documentation for explanation.
Type  H <return>  for immediate help.
 ...                                              
                                                  
l.20 ...∫–∞—Ü–∏—è –ø—Ä–æ–∏—Å—Ö–æ–¥–∏—Ç –æ—Ç –ª–∞—Ç
                                                  –∏–Ω—Å–∫–æ–≥–æ $Replicatio...

You may provide a definition with
\DeclareUnicodeCharacter 


! Package inputenc Error: Unicode character –∏ (U+0438)
(inputenc)                not set up for use with LaTeX.

See the inputenc package documentation for explanation.
Type  H <return>  for immediate help.
 ...                                              
                                                  
l.20 ...∞—Ü–∏—è –ø—Ä–æ–∏—Å—Ö–æ–¥–∏—Ç –æ—Ç –ª–∞—Ç–∏
                                                  –Ω—Å–∫–æ–≥–æ $Replicatio$,...

You may provide a definition with
\DeclareUnicodeCharacter 


! Package inputenc Error: Unicode character –Ω (U+043D)
(inputenc)                not set up for use with LaTeX.

See the inputenc package documentation for explanation.
Type  H <return>  for immediate help.
 ...                                              
                                                  
l.20 ...Ü–∏—è –ø—Ä–æ–∏—Å—Ö–æ–¥–∏—Ç –æ—Ç –ª–∞—Ç–∏–Ω
                                                  —Å–∫–æ–≥–æ $Replicatio$, —...

You may provide a definition with
\DeclareUnicodeCharacter 


! Package inputenc Error: Unicode character —Å (U+0441)
(inputenc)                not set up for use with LaTeX.

See the inputenc package documentation for explanation.
Type  H <return>  for immediate help.
 ...                                              
                                                  
l.20 ...∏—è –ø—Ä–æ–∏—Å—Ö–æ–¥–∏—Ç –æ—Ç –ª–∞—Ç–∏–Ω—Å
                                                  –∫–æ–≥–æ $Replicatio$, —á—...

You may provide a definition with
\DeclareUnicodeCharacter 


! Package inputenc Error: Unicode character –∫ (U+043A)
(inputenc)                not set up for use with LaTeX.

See the inputenc package documentation for explanation.
Type  H <return>  for immediate help.
 ...                                              
                                                  
l.20 ...è –ø—Ä–æ–∏—Å—Ö–æ–¥–∏—Ç –æ—Ç –ª–∞—Ç–∏–Ω—Å–∫
                                                  –æ–≥–æ $Replicatio$, —á—Ç–...

You may provide a definition with
\DeclareUnicodeCharacter 


! Package inputenc Error: Unicode character –æ (U+043E)
(inputenc)                not set up for use with LaTeX.

See the inputenc package documentation for explanation.
Type  H <return>  for immediate help.
 ...                                              
                                                  
l.20 ...–ø—Ä–æ–∏—Å—Ö–æ–¥–∏—Ç –æ—Ç –ª–∞—Ç–∏–Ω—Å–∫–æ
                                                  –≥–æ $Replicatio$, —á—Ç–æ ...

You may provide a definition with
\DeclareUnicodeCharacter 


! Package inputenc Error: Unicode character –≥ (U+0433)
(inputenc)                not set up for use with LaTeX.

See the inputenc package documentation for explanation.
Type  H <return>  for immediate help.
 ...                                              
                                                  
l.20 ...—Ä–æ–∏—Å—Ö–æ–¥–∏—Ç –æ—Ç –ª–∞—Ç–∏–Ω—Å–∫–æ–≥
                                                  –æ $Replicatio$, —á—Ç–æ –ø...

You may provide a definition with
\DeclareUnicodeCharacter 


! Package inputenc Error: Unicode character –æ (U+043E)
(inputenc)                not set up for use with LaTeX.

See the inputenc package documentation for explanation.
Type  H <return>  for immediate help.
 ...                                              
                                                  
l.20 ...–æ–∏—Å—Ö–æ–¥–∏—Ç –æ—Ç –ª–∞—Ç–∏–Ω—Å–∫–æ–≥–æ
                                                   $Replicatio$, —á—Ç–æ –ø–µ...

You may provide a definition with
\DeclareUnicodeCharacter 


! LaTeX Error: Missing \begin{document}.

See the LaTeX manual or LaTeX Companion for explanation.
Type  H <return>  for immediate help.
 ...                                              
                                                  
l.20 ...–∏—Å—Ö–æ–¥–∏—Ç –æ—Ç –ª–∞—Ç–∏–Ω—Å–∫–æ–≥–æ $
                                                  Replicatio$, —á—Ç–æ –ø–µ—Ä...

You're in trouble here.  Try typing  <return>  to proceed.
If that doesn't work, type  X <return>  to quit.

LaTeX Font Info:    External font `cmex10' loaded for size
(Font)              <7> on input line 20.
LaTeX Font Info:    External font `cmex10' loaded for size
(Font)              <5> on input line 20.
Missing character: There is no , in font nullfont!

! Package inputenc Error: Unicode character —á (U+0447)
(inputenc)                not set up for use with LaTeX.

See the inputenc package documentation for explanation.
Type  H <return>  for immediate help.
 ...                                              
                                                  
l.20 ...–æ—Ç –ª–∞—Ç–∏–Ω—Å–∫–æ–≥–æ $Replicatio$, —á
                                                  —Ç–æ –ø–µ—Ä–µ–≤–æ–¥–∏—Ç—Å—...

You may provide a definition with
\DeclareUnicodeCharacter 


! Package inputenc Error: Unicode character —Ç (U+0442)
(inputenc)                not set up for use with LaTeX.

See the inputenc package documentation for explanation.
Type  H <return>  for immediate help.
 ...                                              
                                                  
l.20 ...—Ç –ª–∞—Ç–∏–Ω—Å–∫–æ–≥–æ $Replicatio$, —á—Ç
                                                  –æ –ø–µ—Ä–µ–≤–æ–¥–∏—Ç—Å—è ...

You may provide a definition with
\DeclareUnicodeCharacter 


! Package inputenc Error: Unicode character –æ (U+043E)
(inputenc)                not set up for use with LaTeX.

See the inputenc package documentation for explanation.
Type  H <return>  for immediate help.
 ...                                              
                                                  
l.20 ... –ª–∞—Ç–∏–Ω—Å–∫–æ–≥–æ $Replicatio$, —á—Ç–æ
                                                   –ø–µ—Ä–µ–≤–æ–¥–∏—Ç—Å—è –∫...

You may provide a definition with
\DeclareUnicodeCharacter 


! Package inputenc Error: Unicode character –ø (U+043F)
(inputenc)                not set up for use with LaTeX.

See the inputenc package documentation for explanation.
Type  H <return>  for immediate help.
 ...                                              
                                                  
l.20 ...–∞—Ç–∏–Ω—Å–∫–æ–≥–æ $Replicatio$, —á—Ç–æ –ø
                                                  –µ—Ä–µ–≤–æ–¥–∏—Ç—Å—è –∫–∞–...

You may provide a definition with
\DeclareUnicodeCharacter 


! Package inputenc Error: Unicode character –µ (U+0435)
(inputenc)                not set up for use with LaTeX.

See the inputenc package documentation for explanation.
Type  H <return>  for immediate help.
 ...                                              
                                                  
l.20 ...—Ç–∏–Ω—Å–∫–æ–≥–æ $Replicatio$, —á—Ç–æ –ø–µ
                                                  —Ä–µ–≤–æ–¥–∏—Ç—Å—è –∫–∞–∫ ...

You may provide a definition with
\DeclareUnicodeCharacter 


! Package inputenc Error: Unicode character —Ä (U+0440)
(inputenc)                not set up for use with LaTeX.

See the inputenc package documentation for explanation.
Type  H <return>  for immediate help.
 ...                                              
                                                  
l.20 ...–∏–Ω—Å–∫–æ–≥–æ $Replicatio$, —á—Ç–æ –ø–µ—Ä
                                                  –µ–≤–æ–¥–∏—Ç—Å—è –∫–∞–∫ –≤...

You may provide a definition with
\DeclareUnicodeCharacter 


! Package inputenc Error: Unicode character –µ (U+0435)
(inputenc)                not set up for use with LaTeX.

See the inputenc package documentation for explanation.
Type  H <return>  for immediate help.
 ...                                              
                                                  
l.20 ...–Ω—Å–∫–æ–≥–æ $Replicatio$, —á—Ç–æ –ø–µ—Ä–µ
                                                  –≤–æ–¥–∏—Ç—Å—è –∫–∞–∫ –≤–æ...

You may provide a definition with
\DeclareUnicodeCharacter 


! Package inputenc Error: Unicode character –≤ (U+0432)
(inputenc)                not set up for use with LaTeX.

See the inputenc package documentation for explanation.
Type  H <return>  for immediate help.
 ...                                              
                                                  
l.20 ...—Å–∫–æ–≥–æ $Replicatio$, —á—Ç–æ –ø–µ—Ä–µ–≤
                                                  –æ–¥–∏—Ç—Å—è –∫–∞–∫ –≤–æ–∑...

You may provide a definition with
\DeclareUnicodeCharacter 


! Package inputenc Error: Unicode character –æ (U+043E)
(inputenc)                not set up for use with LaTeX.

See the inputenc package documentation for explanation.
Type  H <return>  for immediate help.
 ...                                              
                                                  
l.20 ...–∫–æ–≥–æ $Replicatio$, —á—Ç–æ –ø–µ—Ä–µ–≤–æ
                                                  –¥–∏—Ç—Å—è –∫–∞–∫ –≤–æ–∑–æ...

You may provide a definition with
\DeclareUnicodeCharacter 


! Package inputenc Error: Unicode character –¥ (U+0434)
(inputenc)                not set up for use with LaTeX.

See the inputenc package documentation for explanation.
Type  H <return>  for immediate help.
 ...                                              
                                                  
l.20 ...–æ–≥–æ $Replicatio$, —á—Ç–æ –ø–µ—Ä–µ–≤–æ–¥
                                                  –∏—Ç—Å—è –∫–∞–∫ –≤–æ–∑–æ–±...

You may provide a definition with
\DeclareUnicodeCharacter 


! Package inputenc Error: Unicode character –∏ (U+0438)
(inputenc)                not set up for use with LaTeX.

See the inputenc package documentation for explanation.
Type  H <return>  for immediate help.
 ...                                              
                                                  
l.20 ...–≥–æ $Replicatio$, —á—Ç–æ –ø–µ—Ä–µ–≤–æ–¥–∏
                                                  —Ç—Å—è –∫–∞–∫ –≤–æ–∑–æ–±–Ω...

You may provide a definition with
\DeclareUnicodeCharacter 


! Package inputenc Error: Unicode character —Ç (U+0442)
(inputenc)                not set up for use with LaTeX.

See the inputenc package documentation for explanation.
Type  H <return>  for immediate help.
 ...                                              
                                                  
l.20 ...–æ $Replicatio$, —á—Ç–æ –ø–µ—Ä–µ–≤–æ–¥–∏—Ç
                                                  —Å—è –∫–∞–∫ –≤–æ–∑–æ–±–Ω–æ...

You may provide a definition with
\DeclareUnicodeCharacter 


! Package inputenc Error: Unicode character —Å (U+0441)
(inputenc)                not set up for use with LaTeX.

See the inputenc package documentation for explanation.
Type  H <return>  for immediate help.
 ...                                              
                                                  
l.20 ... $Replicatio$, —á—Ç–æ –ø–µ—Ä–µ–≤–æ–¥–∏—Ç—Å
                                                  —è –∫–∞–∫ –≤–æ–∑–æ–±–Ω–æ–≤...

You may provide a definition with
\DeclareUnicodeCharacter 


! Package inputenc Error: Unicode character —è (U+044F)
(inputenc)                not set up for use with LaTeX.

See the inputenc package documentation for explanation.
Type  H <return>  for immediate help.
 ...                                              
                                                  
l.20 ...Replicatio$, —á—Ç–æ –ø–µ—Ä–µ–≤–æ–¥–∏—Ç—Å—è
                                                   –∫–∞–∫ –≤–æ–∑–æ–±–Ω–æ–≤–ª...

You may provide a definition with
\DeclareUnicodeCharacter 


! Package inputenc Error: Unicode character –∫ (U+043A)
(inputenc)                not set up for use with LaTeX.

See the inputenc package documentation for explanation.
Type  H <return>  for immediate help.
 ...                                              
                                                  
l.20 ...licatio$, —á—Ç–æ –ø–µ—Ä–µ–≤–æ–¥–∏—Ç—Å—è –∫
                                                  –∞–∫ –≤–æ–∑–æ–±–Ω–æ–≤–ª–µ–...

You may provide a definition with
\DeclareUnicodeCharacter 


! Package inputenc Error: Unicode character –∞ (U+0430)
(inputenc)                not set up for use with LaTeX.

See the inputenc package documentation for explanation.
Type  H <return>  for immediate help.
 ...                                              
                                                  
l.20 ...catio$, —á—Ç–æ –ø–µ—Ä–µ–≤–æ–¥–∏—Ç—Å—è –∫–∞
                                                  –∫ –≤–æ–∑–æ–±–Ω–æ–≤–ª–µ–Ω–...

You may provide a definition with
\DeclareUnicodeCharacter 


! Package inputenc Error: Unicode character –∫ (U+043A)
(inputenc)                not set up for use with LaTeX.

See the inputenc package documentation for explanation.
Type  H <return>  for immediate help.
 ...                                              
                                                  
l.20 ...tio$, —á—Ç–æ –ø–µ—Ä–µ–≤–æ–¥–∏—Ç—Å—è –∫–∞–∫
                                                   –≤–æ–∑–æ–±–Ω–æ–≤–ª–µ–Ω–∏–...

You may provide a definition with
\DeclareUnicodeCharacter 


! Package inputenc Error: Unicode character –≤ (U+0432)
(inputenc)                not set up for use with LaTeX.

See the inputenc package documentation for explanation.
Type  H <return>  for immediate help.
 ...                                              
                                                  
l.20 ...$, —á—Ç–æ –ø–µ—Ä–µ–≤–æ–¥–∏—Ç—Å—è –∫–∞–∫ –≤
                                                  –æ–∑–æ–±–Ω–æ–≤–ª–µ–Ω–∏–µ –...

You may provide a definition with
\DeclareUnicodeCharacter 


! Package inputenc Error: Unicode character –æ (U+043E)
(inputenc)                not set up for use with LaTeX.

See the inputenc package documentation for explanation.
Type  H <return>  for immediate help.
 ...                                              
                                                  
l.20 ... —á—Ç–æ –ø–µ—Ä–µ–≤–æ–¥–∏—Ç—Å—è –∫–∞–∫ –≤–æ
                                                  –∑–æ–±–Ω–æ–≤–ª–µ–Ω–∏–µ –∏–...

You may provide a definition with
\DeclareUnicodeCharacter 


! Package inputenc Error: Unicode character –∑ (U+0437)
(inputenc)                not set up for use with LaTeX.

See the inputenc package documentation for explanation.
Type  H <return>  for immediate help.
 ...                                              
                                                  
l.20 ...á—Ç–æ –ø–µ—Ä–µ–≤–æ–¥–∏—Ç—Å—è –∫–∞–∫ –≤–æ–∑
                                                  –æ–±–Ω–æ–≤–ª–µ–Ω–∏–µ –∏–ª–...

You may provide a definition with
\DeclareUnicodeCharacter 


! Package inputenc Error: Unicode character –æ (U+043E)
(inputenc)                not set up for use with LaTeX.

See the inputenc package documentation for explanation.
Type  H <return>  for immediate help.
 ...                                              
                                                  
l.20 ...Ç–æ –ø–µ—Ä–µ–≤–æ–¥–∏—Ç—Å—è –∫–∞–∫ –≤–æ–∑–æ
                                                  –±–Ω–æ–≤–ª–µ–Ω–∏–µ –∏–ª–∏ ...

You may provide a definition with
\DeclareUnicodeCharacter 


! Package inputenc Error: Unicode character –± (U+0431)
(inputenc)                not set up for use with LaTeX.

See the inputenc package documentation for explanation.
Type  H <return>  for immediate help.
 ...                                              
                                                  
l.20 ...æ –ø–µ—Ä–µ–≤–æ–¥–∏—Ç—Å—è –∫–∞–∫ –≤–æ–∑–æ–±
                                                  –Ω–æ–≤–ª–µ–Ω–∏–µ –∏–ª–∏ –ø...

You may provide a definition with
\DeclareUnicodeCharacter 


! Package inputenc Error: Unicode character –Ω (U+043D)
(inputenc)                not set up for use with LaTeX.

See the inputenc package documentation for explanation.
Type  H <return>  for immediate help.
 ...                                              
                                                  
l.20 ...–ø–µ—Ä–µ–≤–æ–¥–∏—Ç—Å—è –∫–∞–∫ –≤–æ–∑–æ–±–Ω
                                                  –æ–≤–ª–µ–Ω–∏–µ –∏–ª–∏ –ø–æ...

You may provide a definition with
\DeclareUnicodeCharacter 


! Package inputenc Error: Unicode character –æ (U+043E)
(inputenc)                not set up for use with LaTeX.

See the inputenc package documentation for explanation.
Type  H <return>  for immediate help.
 ...                                              
                                                  
l.20 ...–µ—Ä–µ–≤–æ–¥–∏—Ç—Å—è –∫–∞–∫ –≤–æ–∑–æ–±–Ω–æ
                                                  –≤–ª–µ–Ω–∏–µ –∏–ª–∏ –ø–æ–≤...

You may provide a definition with
\DeclareUnicodeCharacter 


! Package inputenc Error: Unicode character –≤ (U+0432)
(inputenc)                not set up for use with LaTeX.

See the inputenc package documentation for explanation.
Type  H <return>  for immediate help.
 ...                                              
                                                  
l.20 ...—Ä–µ–≤–æ–¥–∏—Ç—Å—è –∫–∞–∫ –≤–æ–∑–æ–±–Ω–æ–≤
                                                  –ª–µ–Ω–∏–µ –∏–ª–∏ –ø–æ–≤—Ç...

You may provide a definition with
\DeclareUnicodeCharacter 


! Package inputenc Error: Unicode character –ª (U+043B)
(inputenc)                not set up for use with LaTeX.

See the inputenc package documentation for explanation.
Type  H <return>  for immediate help.
 ...                                              
                                                  
l.20 ...–µ–≤–æ–¥–∏—Ç—Å—è –∫–∞–∫ –≤–æ–∑–æ–±–Ω–æ–≤–ª
                                                  –µ–Ω–∏–µ –∏–ª–∏ –ø–æ–≤—Ç–æ...

You may provide a definition with
\DeclareUnicodeCharacter 


! Package inputenc Error: Unicode character –µ (U+0435)
(inputenc)                not set up for use with LaTeX.

See the inputenc package documentation for explanation.
Type  H <return>  for immediate help.
 ...                                              
                                                  
l.20 ...–≤–æ–¥–∏—Ç—Å—è –∫–∞–∫ –≤–æ–∑–æ–±–Ω–æ–≤–ª–µ
                                                  –Ω–∏–µ –∏–ª–∏ –ø–æ–≤—Ç–æ—Ä...

You may provide a definition with
\DeclareUnicodeCharacter 


! Package inputenc Error: Unicode character –Ω (U+043D)
(inputenc)                not set up for use with LaTeX.

See the inputenc package documentation for explanation.
Type  H <return>  for immediate help.
 ...                                              
                                                  
l.20 ...–æ–¥–∏—Ç—Å—è –∫–∞–∫ –≤–æ–∑–æ–±–Ω–æ–≤–ª–µ–Ω
                                                  –∏–µ –∏–ª–∏ –ø–æ–≤—Ç–æ—Ä–µ...

You may provide a definition with
\DeclareUnicodeCharacter 


! Package inputenc Error: Unicode character –∏ (U+0438)
(inputenc)                not set up for use with LaTeX.

See the inputenc package documentation for explanation.
Type  H <return>  for immediate help.
 ...                                              
                                                  
l.20 ...–¥–∏—Ç—Å—è –∫–∞–∫ –≤–æ–∑–æ–±–Ω–æ–≤–ª–µ–Ω–∏
                                                  –µ –∏–ª–∏ –ø–æ–≤—Ç–æ—Ä–µ–Ω...

You may provide a definition with
\DeclareUnicodeCharacter 


! Package inputenc Error: Unicode character –µ (U+0435)
(inputenc)                not set up for use with LaTeX.

See the inputenc package documentation for explanation.
Type  H <return>  for immediate help.
 ...                                              
                                                  
l.20 ...–∏—Ç—Å—è –∫–∞–∫ –≤–æ–∑–æ–±–Ω–æ–≤–ª–µ–Ω–∏–µ
                                                   –∏–ª–∏ –ø–æ–≤—Ç–æ—Ä–µ–Ω–∏...

You may provide a definition with
\DeclareUnicodeCharacter 


! Package inputenc Error: Unicode character –∏ (U+0438)
(inputenc)                not set up for use with LaTeX.

See the inputenc package documentation for explanation.
Type  H <return>  for immediate help.
 ...                                              
                                                  
l.20 ...Ç—Å—è –∫–∞–∫ –≤–æ–∑–æ–±–Ω–æ–≤–ª–µ–Ω–∏–µ –∏
                                                  –ª–∏ –ø–æ–≤—Ç–æ—Ä–µ–Ω–∏–µ....

You may provide a definition with
\DeclareUnicodeCharacter 


! Package inputenc Error: Unicode character –ª (U+043B)
(inputenc)                not set up for use with LaTeX.

See the inputenc package documentation for explanation.
Type  H <return>  for immediate help.
 ...                                              
                                                  
l.20 ...Å—è –∫–∞–∫ –≤–æ–∑–æ–±–Ω–æ–≤–ª–µ–Ω–∏–µ –∏–ª
                                                  –∏ –ø–æ–≤—Ç–æ—Ä–µ–Ω–∏–µ. –...

You may provide a definition with
\DeclareUnicodeCharacter 


! Package inputenc Error: Unicode character –∏ (U+0438)
(inputenc)                not set up for use with LaTeX.

See the inputenc package documentation for explanation.
Type  H <return>  for immediate help.
 ...                                              
                                                  
l.20 ...è –∫–∞–∫ –≤–æ–∑–æ–±–Ω–æ–≤–ª–µ–Ω–∏–µ –∏–ª–∏
                                                   –ø–æ–≤—Ç–æ—Ä–µ–Ω–∏–µ. –î–...

You may provide a definition with
\DeclareUnicodeCharacter 


! Package inputenc Error: Unicode character –ø (U+043F)
(inputenc)                not set up for use with LaTeX.

See the inputenc package documentation for explanation.
Type  H <return>  for immediate help.
 ...                                              
                                                  
l.20 ...∫–∞–∫ –≤–æ–∑–æ–±–Ω–æ–≤–ª–µ–Ω–∏–µ –∏–ª–∏ –ø
                                                  –æ–≤—Ç–æ—Ä–µ–Ω–∏–µ. –î–∞–Ω...

You may provide a definition with
\DeclareUnicodeCharacter 


! Package inputenc Error: Unicode character –æ (U+043E)
(inputenc)                not set up for use with LaTeX.

See the inputenc package documentation for explanation.
Type  H <return>  for immediate help.
 ...                                              
                                                  
l.20 ...∞–∫ –≤–æ–∑–æ–±–Ω–æ–≤–ª–µ–Ω–∏–µ –∏–ª–∏ –ø–æ
                                                  –≤—Ç–æ—Ä–µ–Ω–∏–µ. –î–∞–Ω–Ω...

You may provide a definition with
\DeclareUnicodeCharacter 


! Package inputenc Error: Unicode character –≤ (U+0432)
(inputenc)                not set up for use with LaTeX.

See the inputenc package documentation for explanation.
Type  H <return>  for immediate help.
 ...                                              
                                                  
l.20 ...∫ –≤–æ–∑–æ–±–Ω–æ–≤–ª–µ–Ω–∏–µ –∏–ª–∏ –ø–æ–≤
                                                  —Ç–æ—Ä–µ–Ω–∏–µ. –î–∞–Ω–Ω—ã...

You may provide a definition with
\DeclareUnicodeCharacter 


! Package inputenc Error: Unicode character —Ç (U+0442)
(inputenc)                not set up for use with LaTeX.

See the inputenc package documentation for explanation.
Type  H <return>  for immediate help.
 ...                                              
                                                  
l.20 ...–≤–æ–∑–æ–±–Ω–æ–≤–ª–µ–Ω–∏–µ –∏–ª–∏ –ø–æ–≤—Ç
                                                  –æ—Ä–µ–Ω–∏–µ. –î–∞–Ω–Ω—ã–π...

You may provide a definition with
\DeclareUnicodeCharacter 


! Package inputenc Error: Unicode character –æ (U+043E)
(inputenc)                not set up for use with LaTeX.

See the inputenc package documentation for explanation.
Type  H <return>  for immediate help.
 ...                                              
                                                  
l.20 ...–æ–∑–æ–±–Ω–æ–≤–ª–µ–Ω–∏–µ –∏–ª–∏ –ø–æ–≤—Ç–æ
                                                  —Ä–µ–Ω–∏–µ. –î–∞–Ω–Ω—ã–π —...

You may provide a definition with
\DeclareUnicodeCharacter 


! Package inputenc Error: Unicode character —Ä (U+0440)
(inputenc)                not set up for use with LaTeX.

See the inputenc package documentation for explanation.
Type  H <return>  for immediate help.
 ...                                              
                                                  
l.20 ...–∑–æ–±–Ω–æ–≤–ª–µ–Ω–∏–µ –∏–ª–∏ –ø–æ–≤—Ç–æ—Ä
                                                  –µ–Ω–∏–µ. –î–∞–Ω–Ω—ã–π —Ç–...

You may provide a definition with
\DeclareUnicodeCharacter 


! Package inputenc Error: Unicode character –µ (U+0435)
(inputenc)                not set up for use with LaTeX.

See the inputenc package documentation for explanation.
Type  H <return>  for immediate help.
 ...                                              
                                                  
l.20 ...–æ–±–Ω–æ–≤–ª–µ–Ω–∏–µ –∏–ª–∏ –ø–æ–≤—Ç–æ—Ä–µ
                                                  –Ω–∏–µ. –î–∞–Ω–Ω—ã–π —Ç–µ—...

You may provide a definition with
\DeclareUnicodeCharacter 


! Package inputenc Error: Unicode character –Ω (U+043D)
(inputenc)                not set up for use with LaTeX.

See the inputenc package documentation for explanation.
Type  H <return>  for immediate help.
 ...                                              
                                                  
l.20 ...–±–Ω–æ–≤–ª–µ–Ω–∏–µ –∏–ª–∏ –ø–æ–≤—Ç–æ—Ä–µ–Ω
                                                  –∏–µ. –î–∞–Ω–Ω—ã–π —Ç–µ—Ä–...

You may provide a definition with
\DeclareUnicodeCharacter 


! Package inputenc Error: Unicode character –∏ (U+0438)
(inputenc)                not set up for use with LaTeX.

See the inputenc package documentation for explanation.
Type  H <return>  for immediate help.
 ...                                              
                                                  
l.20 ...–Ω–æ–≤–ª–µ–Ω–∏–µ –∏–ª–∏ –ø–æ–≤—Ç–æ—Ä–µ–Ω–∏
                                                  –µ. –î–∞–Ω–Ω—ã–π —Ç–µ—Ä–º–...

You may provide a definition with
\DeclareUnicodeCharacter 


! Package inputenc Error: Unicode character –µ (U+0435)
(inputenc)                not set up for use with LaTeX.

See the inputenc package documentation for explanation.
Type  H <return>  for immediate help.
 ...                                              
                                                  
l.20 ...–æ–≤–ª–µ–Ω–∏–µ –∏–ª–∏ –ø–æ–≤—Ç–æ—Ä–µ–Ω–∏–µ
                                                  . –î–∞–Ω–Ω—ã–π —Ç–µ—Ä–º–∏–...

You may provide a definition with
\DeclareUnicodeCharacter 

Missing character: There is no . in font nullfont!

! Package inputenc Error: Unicode character –î (U+0414)
(inputenc)                not set up for use with LaTeX.

See the inputenc package documentation for explanation.
Type  H <return>  for immediate help.
 ...                                              
                                                  
l.20 ...–ª–µ–Ω–∏–µ –∏–ª–∏ –ø–æ–≤—Ç–æ—Ä–µ–Ω–∏–µ. –î
                                                  –∞–Ω–Ω—ã–π —Ç–µ—Ä–º–∏–Ω –ø...

You may provide a definition with
\DeclareUnicodeCharacter 


! Package inputenc Error: Unicode character –∞ (U+0430)
(inputenc)                not set up for use with LaTeX.

See the inputenc package documentation for explanation.
Type  H <return>  for immediate help.
 ...                                              
                                                  
l.20 ...–µ–Ω–∏–µ –∏–ª–∏ –ø–æ–≤—Ç–æ—Ä–µ–Ω–∏–µ. –î–∞
                                                  –Ω–Ω—ã–π —Ç–µ—Ä–º–∏–Ω –ø—Ä...

You may provide a definition with
\DeclareUnicodeCharacter 


! Package inputenc Error: Unicode character –Ω (U+043D)
(inputenc)                not set up for use with LaTeX.

See the inputenc package documentation for explanation.
Type  H <return>  for immediate help.
 ...                                              
                                                  
l.20 ...–Ω–∏–µ –∏–ª–∏ –ø–æ–≤—Ç–æ—Ä–µ–Ω–∏–µ. –î–∞–Ω
                                                  –Ω—ã–π —Ç–µ—Ä–º–∏–Ω –ø—Ä–∏...

You may provide a definition with
\DeclareUnicodeCharacter 


! Package inputenc Error: Unicode character –Ω (U+043D)
(inputenc)                not set up for use with LaTeX.

See the inputenc package documentation for explanation.
Type  H <return>  for immediate help.
 ...                                              
                                                  
l.20 ...–∏–µ –∏–ª–∏ –ø–æ–≤—Ç–æ—Ä–µ–Ω–∏–µ. –î–∞–Ω–Ω
                                                  —ã–π —Ç–µ—Ä–º–∏–Ω –ø—Ä–∏–º...

You may provide a definition with
\DeclareUnicodeCharacter 


! Package inputenc Error: Unicode character —ã (U+044B)
(inputenc)                not set up for use with LaTeX.

See the inputenc package documentation for explanation.
Type  H <return>  for immediate help.
 ...                                              
                                                  
l.20 ...–µ –∏–ª–∏ –ø–æ–≤—Ç–æ—Ä–µ–Ω–∏–µ. –î–∞–Ω–Ω—ã
                                                  –π —Ç–µ—Ä–º–∏–Ω –ø—Ä–∏–º–µ...

You may provide a definition with
\DeclareUnicodeCharacter 


! Package inputenc Error: Unicode character –π (U+0439)
(inputenc)                not set up for use with LaTeX.

See the inputenc package documentation for explanation.
Type  H <return>  for immediate help.
 ...                                              
                                                  
l.20 ... –∏–ª–∏ –ø–æ–≤—Ç–æ—Ä–µ–Ω–∏–µ. –î–∞–Ω–Ω—ã–π
                                                   —Ç–µ—Ä–º–∏–Ω –ø—Ä–∏–º–µ–Ω...

You may provide a definition with
\DeclareUnicodeCharacter 


! Package inputenc Error: Unicode character —Ç (U+0442)
(inputenc)                not set up for use with LaTeX.

See the inputenc package documentation for explanation.
Type  H <return>  for immediate help.
 ...                                              
                                                  
l.20 ...–ª–∏ –ø–æ–≤—Ç–æ—Ä–µ–Ω–∏–µ. –î–∞–Ω–Ω—ã–π —Ç
                                                  –µ—Ä–º–∏–Ω –ø—Ä–∏–º–µ–Ω—è–...

You may provide a definition with
\DeclareUnicodeCharacter 


! Package inputenc Error: Unicode character –µ (U+0435)
(inputenc)                not set up for use with LaTeX.

See the inputenc package documentation for explanation.
Type  H <return>  for immediate help.
 ...                                              
                                                  
l.20 ...–∏ –ø–æ–≤—Ç–æ—Ä–µ–Ω–∏–µ. –î–∞–Ω–Ω—ã–π —Ç–µ
                                                  —Ä–º–∏–Ω –ø—Ä–∏–º–µ–Ω—è–µ—...

You may provide a definition with
\DeclareUnicodeCharacter 


! Package inputenc Error: Unicode character —Ä (U+0440)
(inputenc)                not set up for use with LaTeX.

See the inputenc package documentation for explanation.
Type  H <return>  for immediate help.
 ...                                              
                                                  
l.20 ... –ø–æ–≤—Ç–æ—Ä–µ–Ω–∏–µ. –î–∞–Ω–Ω—ã–π —Ç–µ—Ä
                                                  –º–∏–Ω –ø—Ä–∏–º–µ–Ω—è–µ—Ç—...

You may provide a definition with
\DeclareUnicodeCharacter 


! Package inputenc Error: Unicode character –º (U+043C)
(inputenc)                not set up for use with LaTeX.

See the inputenc package documentation for explanation.
Type  H <return>  for immediate help.
 ...                                              
                                                  
l.20 ...ø–æ–≤—Ç–æ—Ä–µ–Ω–∏–µ. –î–∞–Ω–Ω—ã–π —Ç–µ—Ä–º
                                                  –∏–Ω –ø—Ä–∏–º–µ–Ω—è–µ—Ç—Å—...

You may provide a definition with
\DeclareUnicodeCharacter 


! Package inputenc Error: Unicode character –∏ (U+0438)
(inputenc)                not set up for use with LaTeX.

See the inputenc package documentation for explanation.
Type  H <return>  for immediate help.
 ...                                              
                                                  
l.20 ...æ–≤—Ç–æ—Ä–µ–Ω–∏–µ. –î–∞–Ω–Ω—ã–π —Ç–µ—Ä–º–∏
                                                  –Ω –ø—Ä–∏–º–µ–Ω—è–µ—Ç—Å—è ...

You may provide a definition with
\DeclareUnicodeCharacter 


! Package inputenc Error: Unicode character –Ω (U+043D)
(inputenc)                not set up for use with LaTeX.

See the inputenc package documentation for explanation.
Type  H <return>  for immediate help.
 ...                                              
                                                  
l.20 ...≤—Ç–æ—Ä–µ–Ω–∏–µ. –î–∞–Ω–Ω—ã–π —Ç–µ—Ä–º–∏–Ω
                                                   –ø—Ä–∏–º–µ–Ω—è–µ—Ç—Å—è –≤...

You may provide a definition with
\DeclareUnicodeCharacter 


! Package inputenc Error: Unicode character –ø (U+043F)
(inputenc)                not set up for use with LaTeX.

See the inputenc package documentation for explanation.
Type  H <return>  for immediate help.
 ...                                              
                                                  
l.20 ...–æ—Ä–µ–Ω–∏–µ. –î–∞–Ω–Ω—ã–π —Ç–µ—Ä–º–∏–Ω –ø
                                                  —Ä–∏–º–µ–Ω—è–µ—Ç—Å—è –≤ —Ä...

You may provide a definition with
\DeclareUnicodeCharacter 


! Package inputenc Error: Unicode character —Ä (U+0440)
(inputenc)                not set up for use with LaTeX.

See the inputenc package documentation for explanation.
Type  H <return>  for immediate help.
 ...                                              
                                                  
l.20 ...—Ä–µ–Ω–∏–µ. –î–∞–Ω–Ω—ã–π —Ç–µ—Ä–º–∏–Ω –ø—Ä
                                                  –∏–º–µ–Ω—è–µ—Ç—Å—è –≤ —Ä–∞...

You may provide a definition with
\DeclareUnicodeCharacter 


! Package inputenc Error: Unicode character –∏ (U+0438)
(inputenc)                not set up for use with LaTeX.

See the inputenc package documentation for explanation.
Type  H <return>  for immediate help.
 ...                                              
                                                  
l.20 ...–µ–Ω–∏–µ. –î–∞–Ω–Ω—ã–π —Ç–µ—Ä–º–∏–Ω –ø—Ä–∏
                                                  –º–µ–Ω—è–µ—Ç—Å—è –≤ —Ä–∞–∑...

You may provide a definition with
\DeclareUnicodeCharacter 


! Package inputenc Error: Unicode character –º (U+043C)
(inputenc)                not set up for use with LaTeX.

See the inputenc package documentation for explanation.
Type  H <return>  for immediate help.
 ...                                              
                                                  
l.20 ...–Ω–∏–µ. –î–∞–Ω–Ω—ã–π —Ç–µ—Ä–º–∏–Ω –ø—Ä–∏–º
                                                  –µ–Ω—è–µ—Ç—Å—è –≤ —Ä–∞–∑–ª...

You may provide a definition with
\DeclareUnicodeCharacter 


! Package inputenc Error: Unicode character –µ (U+0435)
(inputenc)                not set up for use with LaTeX.

See the inputenc package documentation for explanation.
Type  H <return>  for immediate help.
 ...                                              
                                                  
l.20 ...–∏–µ. –î–∞–Ω–Ω—ã–π —Ç–µ—Ä–º–∏–Ω –ø—Ä–∏–º–µ
                                                  –Ω—è–µ—Ç—Å—è –≤ —Ä–∞–∑–ª–∏...

You may provide a definition with
\DeclareUnicodeCharacter 


! Package inputenc Error: Unicode character –Ω (U+043D)
(inputenc)                not set up for use with LaTeX.

See the inputenc package documentation for explanation.
Type  H <return>  for immediate help.
 ...                                              
                                                  
l.20 ...–µ. –î–∞–Ω–Ω—ã–π —Ç–µ—Ä–º–∏–Ω –ø—Ä–∏–º–µ–Ω
                                                  —è–µ—Ç—Å—è –≤ —Ä–∞–∑–ª–∏—á...

You may provide a definition with
\DeclareUnicodeCharacter 


! Package inputenc Error: Unicode character —è (U+044F)
(inputenc)                not set up for use with LaTeX.

See the inputenc package documentation for explanation.
Type  H <return>  for immediate help.
 ...                                              
                                                  
l.20 .... –î–∞–Ω–Ω—ã–π —Ç–µ—Ä–º–∏–Ω –ø—Ä–∏–º–µ–Ω—è
                                                  –µ—Ç—Å—è –≤ —Ä–∞–∑–ª–∏—á–Ω...
(That makes 100 errors; please try again.) 
Here is how much of TeX's memory you used:
 73 strings out of 481226
 1223 string characters out of 2904292
 242091 words of memory out of 3000000
 15749 multiletter control sequences out of 15000+200000
 535088 words of font info for 29 fonts, out of 3000000 for 9000
 1141 hyphenation exceptions out of 8191
 18i,1n,15p,1664b,54s stack positions out of 5000i,500n,10000p,200000b,50000s

No pages of output.
