This is pdfTeX, Version 3.14159265-2.6-1.40.21 (MiKTeX 20.6.29) (preloaded format=latex 2020.7.31)  1 AUG 2020 01:20
entering extended mode
**./litreview.tex
(litreview.tex
LaTeX2e <2020-02-02> patch level 5
L3 programming layer <2020-07-17>
! Undefined control sequence.
l.1 \chapter
            *{–û–±–∑–æ—Ä –ª–∏—Ç–µ—Ä–∞—Ç—É—Ä—ã}                         % –ó–...
The control sequence at the end of the top line
of your error message was never \def'ed. If you have
misspelled it (e.g., `\hobx'), type `I' and the correct
spelling (e.g., `I\hbox'). Otherwise just continue,
and I'll forget about whatever was undefined.


! LaTeX Error: Missing \begin{document}.

See the LaTeX manual or LaTeX Companion for explanation.
Type  H <return>  for immediate help.
 ...                                              
                                                  
l.1 \chapter*
             {–û–±–∑–æ—Ä –ª–∏—Ç–µ—Ä–∞—Ç—É—Ä—ã}                         % –ó–...

You're in trouble here.  Try typing  <return>  to proceed.
If that doesn't work, type  X <return>  to quit.

Missing character: There is no * in font nullfont!

! Package inputenc Error: Unicode character –û (U+041E)
(inputenc)                not set up for use with LaTeX.

See the inputenc package documentation for explanation.
Type  H <return>  for immediate help.
 ...                                              
                                                  
l.1 \chapter*{–û
                –±–∑–æ—Ä –ª–∏—Ç–µ—Ä–∞—Ç—É—Ä—ã}                         % –ó–...

You may provide a definition with
\DeclareUnicodeCharacter 


! Package inputenc Error: Unicode character –± (U+0431)
(inputenc)                not set up for use with LaTeX.

See the inputenc package documentation for explanation.
Type  H <return>  for immediate help.
 ...                                              
                                                  
l.1 \chapter*{–û–±
                  –∑–æ—Ä –ª–∏—Ç–µ—Ä–∞—Ç—É—Ä—ã}                         % –ó–...

You may provide a definition with
\DeclareUnicodeCharacter 


! Package inputenc Error: Unicode character –∑ (U+0437)
(inputenc)                not set up for use with LaTeX.

See the inputenc package documentation for explanation.
Type  H <return>  for immediate help.
 ...                                              
                                                  
l.1 \chapter*{–û–±–∑
                    –æ—Ä –ª–∏—Ç–µ—Ä–∞—Ç—É—Ä—ã}                         % –ó–...

You may provide a definition with
\DeclareUnicodeCharacter 


! Package inputenc Error: Unicode character –æ (U+043E)
(inputenc)                not set up for use with LaTeX.

See the inputenc package documentation for explanation.
Type  H <return>  for immediate help.
 ...                                              
                                                  
l.1 \chapter*{–û–±–∑–æ
                      —Ä –ª–∏—Ç–µ—Ä–∞—Ç—É—Ä—ã}                         % –ó–...

You may provide a definition with
\DeclareUnicodeCharacter 


! Package inputenc Error: Unicode character —Ä (U+0440)
(inputenc)                not set up for use with LaTeX.

See the inputenc package documentation for explanation.
Type  H <return>  for immediate help.
 ...                                              
                                                  
l.1 \chapter*{–û–±–∑–æ—Ä
                         –ª–∏—Ç–µ—Ä–∞—Ç—É—Ä—ã}                         % –ó–...

You may provide a definition with
\DeclareUnicodeCharacter 


! Package inputenc Error: Unicode character –ª (U+043B)
(inputenc)                not set up for use with LaTeX.

See the inputenc package documentation for explanation.
Type  H <return>  for immediate help.
 ...                                              
                                                  
l.1 \chapter*{–û–±–∑–æ—Ä –ª
                           –∏—Ç–µ—Ä–∞—Ç—É—Ä—ã}                         % –ó–...

You may provide a definition with
\DeclareUnicodeCharacter 


! Package inputenc Error: Unicode character –∏ (U+0438)
(inputenc)                not set up for use with LaTeX.

See the inputenc package documentation for explanation.
Type  H <return>  for immediate help.
 ...                                              
                                                  
l.1 \chapter*{–û–±–∑–æ—Ä –ª–∏
                             —Ç–µ—Ä–∞—Ç—É—Ä—ã}                         % –ó–...

You may provide a definition with
\DeclareUnicodeCharacter 


! Package inputenc Error: Unicode character —Ç (U+0442)
(inputenc)                not set up for use with LaTeX.

See the inputenc package documentation for explanation.
Type  H <return>  for immediate help.
 ...                                              
                                                  
l.1 \chapter*{–û–±–∑–æ—Ä –ª–∏—Ç
                               –µ—Ä–∞—Ç—É—Ä—ã}                         % –ó–...

You may provide a definition with
\DeclareUnicodeCharacter 


! Package inputenc Error: Unicode character –µ (U+0435)
(inputenc)                not set up for use with LaTeX.

See the inputenc package documentation for explanation.
Type  H <return>  for immediate help.
 ...                                              
                                                  
l.1 \chapter*{–û–±–∑–æ—Ä –ª–∏—Ç–µ
                                 —Ä–∞—Ç—É—Ä—ã}                         % –ó–...

You may provide a definition with
\DeclareUnicodeCharacter 


! Package inputenc Error: Unicode character —Ä (U+0440)
(inputenc)                not set up for use with LaTeX.

See the inputenc package documentation for explanation.
Type  H <return>  for immediate help.
 ...                                              
                                                  
l.1 \chapter*{–û–±–∑–æ—Ä –ª–∏—Ç–µ—Ä
                                   –∞—Ç—É—Ä—ã}                         % –ó–...

You may provide a definition with
\DeclareUnicodeCharacter 


! Package inputenc Error: Unicode character –∞ (U+0430)
(inputenc)                not set up for use with LaTeX.

See the inputenc package documentation for explanation.
Type  H <return>  for immediate help.
 ...                                              
                                                  
l.1 \chapter*{–û–±–∑–æ—Ä –ª–∏—Ç–µ—Ä–∞
                                     —Ç—É—Ä—ã}                         % –ó–...

You may provide a definition with
\DeclareUnicodeCharacter 


! Package inputenc Error: Unicode character —Ç (U+0442)
(inputenc)                not set up for use with LaTeX.

See the inputenc package documentation for explanation.
Type  H <return>  for immediate help.
 ...                                              
                                                  
l.1 \chapter*{–û–±–∑–æ—Ä –ª–∏—Ç–µ—Ä–∞—Ç
                                       —É—Ä—ã}                         % –ó–...

You may provide a definition with
\DeclareUnicodeCharacter 


! Package inputenc Error: Unicode character —É (U+0443)
(inputenc)                not set up for use with LaTeX.

See the inputenc package documentation for explanation.
Type  H <return>  for immediate help.
 ...                                              
                                                  
l.1 \chapter*{–û–±–∑–æ—Ä –ª–∏—Ç–µ—Ä–∞—Ç—É
                                         —Ä—ã}                         % –ó–...

You may provide a definition with
\DeclareUnicodeCharacter 


! Package inputenc Error: Unicode character —Ä (U+0440)
(inputenc)                not set up for use with LaTeX.

See the inputenc package documentation for explanation.
Type  H <return>  for immediate help.
 ...                                              
                                                  
l.1 \chapter*{–û–±–∑–æ—Ä –ª–∏—Ç–µ—Ä–∞—Ç—É—Ä
                                           —ã}                         % –ó–...

You may provide a definition with
\DeclareUnicodeCharacter 


! Package inputenc Error: Unicode character —ã (U+044B)
(inputenc)                not set up for use with LaTeX.

See the inputenc package documentation for explanation.
Type  H <return>  for immediate help.
 ...                                              
                                                  
l.1 \chapter*{–û–±–∑–æ—Ä –ª–∏—Ç–µ—Ä–∞—Ç—É—Ä—ã
                                             }                         % –ó–...

You may provide a definition with
\DeclareUnicodeCharacter 


Overfull \hbox (20.0pt too wide) in paragraph at lines 1--3
[]
 []


! Package inputenc Error: Unicode character –í (U+0412)
(inputenc)                not set up for use with LaTeX.

See the inputenc package documentation for explanation.
Type  H <return>  for immediate help.
 ...                                              
                                                  
l.4 –í
      –æ–∑–Ω–∏–∫–Ω–æ–≤–µ–Ω–∏–µ —Ç–µ–æ—Ä–∏–∏ –±–∏–æ–ª–æ–≥–∏—á–µ—Å–∫–æ–π —ç–≤–...

You may provide a definition with
\DeclareUnicodeCharacter 


! Package inputenc Error: Unicode character –æ (U+043E)
(inputenc)                not set up for use with LaTeX.

See the inputenc package documentation for explanation.
Type  H <return>  for immediate help.
 ...                                              
                                                  
l.4 –í–æ
        –∑–Ω–∏–∫–Ω–æ–≤–µ–Ω–∏–µ —Ç–µ–æ—Ä–∏–∏ –±–∏–æ–ª–æ–≥–∏—á–µ—Å–∫–æ–π —ç–≤–...

You may provide a definition with
\DeclareUnicodeCharacter 


! Package inputenc Error: Unicode character –∑ (U+0437)
(inputenc)                not set up for use with LaTeX.

See the inputenc package documentation for explanation.
Type  H <return>  for immediate help.
 ...                                              
                                                  
l.4 –í–æ–∑
          –Ω–∏–∫–Ω–æ–≤–µ–Ω–∏–µ —Ç–µ–æ—Ä–∏–∏ –±–∏–æ–ª–æ–≥–∏—á–µ—Å–∫–æ–π —ç–≤–...

You may provide a definition with
\DeclareUnicodeCharacter 


! Package inputenc Error: Unicode character –Ω (U+043D)
(inputenc)                not set up for use with LaTeX.

See the inputenc package documentation for explanation.
Type  H <return>  for immediate help.
 ...                                              
                                                  
l.4 –í–æ–∑–Ω
            –∏–∫–Ω–æ–≤–µ–Ω–∏–µ —Ç–µ–æ—Ä–∏–∏ –±–∏–æ–ª–æ–≥–∏—á–µ—Å–∫–æ–π —ç–≤–...

You may provide a definition with
\DeclareUnicodeCharacter 


! Package inputenc Error: Unicode character –∏ (U+0438)
(inputenc)                not set up for use with LaTeX.

See the inputenc package documentation for explanation.
Type  H <return>  for immediate help.
 ...                                              
                                                  
l.4 –í–æ–∑–Ω–∏
              –∫–Ω–æ–≤–µ–Ω–∏–µ —Ç–µ–æ—Ä–∏–∏ –±–∏–æ–ª–æ–≥–∏—á–µ—Å–∫–æ–π —ç–≤–...

You may provide a definition with
\DeclareUnicodeCharacter 


! Package inputenc Error: Unicode character –∫ (U+043A)
(inputenc)                not set up for use with LaTeX.

See the inputenc package documentation for explanation.
Type  H <return>  for immediate help.
 ...                                              
                                                  
l.4 –í–æ–∑–Ω–∏–∫
                –Ω–æ–≤–µ–Ω–∏–µ —Ç–µ–æ—Ä–∏–∏ –±–∏–æ–ª–æ–≥–∏—á–µ—Å–∫–æ–π —ç–≤–...

You may provide a definition with
\DeclareUnicodeCharacter 


! Package inputenc Error: Unicode character –Ω (U+043D)
(inputenc)                not set up for use with LaTeX.

See the inputenc package documentation for explanation.
Type  H <return>  for immediate help.
 ...                                              
                                                  
l.4 –í–æ–∑–Ω–∏–∫–Ω
                  –æ–≤–µ–Ω–∏–µ —Ç–µ–æ—Ä–∏–∏ –±–∏–æ–ª–æ–≥–∏—á–µ—Å–∫–æ–π —ç–≤–...

You may provide a definition with
\DeclareUnicodeCharacter 


! Package inputenc Error: Unicode character –æ (U+043E)
(inputenc)                not set up for use with LaTeX.

See the inputenc package documentation for explanation.
Type  H <return>  for immediate help.
 ...                                              
                                                  
l.4 –í–æ–∑–Ω–∏–∫–Ω–æ
                    –≤–µ–Ω–∏–µ —Ç–µ–æ—Ä–∏–∏ –±–∏–æ–ª–æ–≥–∏—á–µ—Å–∫–æ–π —ç–≤–...

You may provide a definition with
\DeclareUnicodeCharacter 


! Package inputenc Error: Unicode character –≤ (U+0432)
(inputenc)                not set up for use with LaTeX.

See the inputenc package documentation for explanation.
Type  H <return>  for immediate help.
 ...                                              
                                                  
l.4 –í–æ–∑–Ω–∏–∫–Ω–æ–≤
                      –µ–Ω–∏–µ —Ç–µ–æ—Ä–∏–∏ –±–∏–æ–ª–æ–≥–∏—á–µ—Å–∫–æ–π —ç–≤–...

You may provide a definition with
\DeclareUnicodeCharacter 


! Package inputenc Error: Unicode character –µ (U+0435)
(inputenc)                not set up for use with LaTeX.

See the inputenc package documentation for explanation.
Type  H <return>  for immediate help.
 ...                                              
                                                  
l.4 –í–æ–∑–Ω–∏–∫–Ω–æ–≤–µ
                        –Ω–∏–µ —Ç–µ–æ—Ä–∏–∏ –±–∏–æ–ª–æ–≥–∏—á–µ—Å–∫–æ–π —ç–≤–...

You may provide a definition with
\DeclareUnicodeCharacter 


! Package inputenc Error: Unicode character –Ω (U+043D)
(inputenc)                not set up for use with LaTeX.

See the inputenc package documentation for explanation.
Type  H <return>  for immediate help.
 ...                                              
                                                  
l.4 –í–æ–∑–Ω–∏–∫–Ω–æ–≤–µ–Ω
                          –∏–µ —Ç–µ–æ—Ä–∏–∏ –±–∏–æ–ª–æ–≥–∏—á–µ—Å–∫–æ–π —ç–≤–...

You may provide a definition with
\DeclareUnicodeCharacter 


! Package inputenc Error: Unicode character –∏ (U+0438)
(inputenc)                not set up for use with LaTeX.

See the inputenc package documentation for explanation.
Type  H <return>  for immediate help.
 ...                                              
                                                  
l.4 –í–æ–∑–Ω–∏–∫–Ω–æ–≤–µ–Ω–∏
                            –µ —Ç–µ–æ—Ä–∏–∏ –±–∏–æ–ª–æ–≥–∏—á–µ—Å–∫–æ–π —ç–≤–...

You may provide a definition with
\DeclareUnicodeCharacter 


! Package inputenc Error: Unicode character –µ (U+0435)
(inputenc)                not set up for use with LaTeX.

See the inputenc package documentation for explanation.
Type  H <return>  for immediate help.
 ...                                              
                                                  
l.4 –í–æ–∑–Ω–∏–∫–Ω–æ–≤–µ–Ω–∏–µ
                               —Ç–µ–æ—Ä–∏–∏ –±–∏–æ–ª–æ–≥–∏—á–µ—Å–∫–æ–π —ç–≤–...

You may provide a definition with
\DeclareUnicodeCharacter 


! Package inputenc Error: Unicode character —Ç (U+0442)
(inputenc)                not set up for use with LaTeX.

See the inputenc package documentation for explanation.
Type  H <return>  for immediate help.
 ...                                              
                                                  
l.4 –í–æ–∑–Ω–∏–∫–Ω–æ–≤–µ–Ω–∏–µ —Ç
                                 –µ–æ—Ä–∏–∏ –±–∏–æ–ª–æ–≥–∏—á–µ—Å–∫–æ–π —ç–≤–...

You may provide a definition with
\DeclareUnicodeCharacter 


! Package inputenc Error: Unicode character –µ (U+0435)
(inputenc)                not set up for use with LaTeX.

See the inputenc package documentation for explanation.
Type  H <return>  for immediate help.
 ...                                              
                                                  
l.4 –í–æ–∑–Ω–∏–∫–Ω–æ–≤–µ–Ω–∏–µ —Ç–µ
                                   –æ—Ä–∏–∏ –±–∏–æ–ª–æ–≥–∏—á–µ—Å–∫–æ–π —ç–≤–...

You may provide a definition with
\DeclareUnicodeCharacter 


! Package inputenc Error: Unicode character –æ (U+043E)
(inputenc)                not set up for use with LaTeX.

See the inputenc package documentation for explanation.
Type  H <return>  for immediate help.
 ...                                              
                                                  
l.4 –í–æ–∑–Ω–∏–∫–Ω–æ–≤–µ–Ω–∏–µ —Ç–µ–æ
                                     —Ä–∏–∏ –±–∏–æ–ª–æ–≥–∏—á–µ—Å–∫–æ–π —ç–≤–...

You may provide a definition with
\DeclareUnicodeCharacter 


! Package inputenc Error: Unicode character —Ä (U+0440)
(inputenc)                not set up for use with LaTeX.

See the inputenc package documentation for explanation.
Type  H <return>  for immediate help.
 ...                                              
                                                  
l.4 –í–æ–∑–Ω–∏–∫–Ω–æ–≤–µ–Ω–∏–µ —Ç–µ–æ—Ä
                                       –∏–∏ –±–∏–æ–ª–æ–≥–∏—á–µ—Å–∫–æ–π —ç–≤–...

You may provide a definition with
\DeclareUnicodeCharacter 


! Package inputenc Error: Unicode character –∏ (U+0438)
(inputenc)                not set up for use with LaTeX.

See the inputenc package documentation for explanation.
Type  H <return>  for immediate help.
 ...                                              
                                                  
l.4 –í–æ–∑–Ω–∏–∫–Ω–æ–≤–µ–Ω–∏–µ —Ç–µ–æ—Ä–∏
                                         –∏ –±–∏–æ–ª–æ–≥–∏—á–µ—Å–∫–æ–π —ç–≤–...

You may provide a definition with
\DeclareUnicodeCharacter 


! Package inputenc Error: Unicode character –∏ (U+0438)
(inputenc)                not set up for use with LaTeX.

See the inputenc package documentation for explanation.
Type  H <return>  for immediate help.
 ...                                              
                                                  
l.4 –í–æ–∑–Ω–∏–∫–Ω–æ–≤–µ–Ω–∏–µ —Ç–µ–æ—Ä–∏–∏
                                            –±–∏–æ–ª–æ–≥–∏—á–µ—Å–∫–æ–π —ç–≤–...

You may provide a definition with
\DeclareUnicodeCharacter 


! Package inputenc Error: Unicode character –± (U+0431)
(inputenc)                not set up for use with LaTeX.

See the inputenc package documentation for explanation.
Type  H <return>  for immediate help.
 ...                                              
                                                  
l.4 –í–æ–∑–Ω–∏–∫–Ω–æ–≤–µ–Ω–∏–µ —Ç–µ–æ—Ä–∏–∏ –±
                                              –∏–æ–ª–æ–≥–∏—á–µ—Å–∫–æ–π —ç–≤–...

You may provide a definition with
\DeclareUnicodeCharacter 


! Package inputenc Error: Unicode character –∏ (U+0438)
(inputenc)                not set up for use with LaTeX.

See the inputenc package documentation for explanation.
Type  H <return>  for immediate help.
 ...                                              
                                                  
l.4 –í–æ–∑–Ω–∏–∫–Ω–æ–≤–µ–Ω–∏–µ —Ç–µ–æ—Ä–∏–∏ –±–∏
                                                –æ–ª–æ–≥–∏—á–µ—Å–∫–æ–π —ç–≤–...

You may provide a definition with
\DeclareUnicodeCharacter 


! Package inputenc Error: Unicode character –æ (U+043E)
(inputenc)                not set up for use with LaTeX.

See the inputenc package documentation for explanation.
Type  H <return>  for immediate help.
 ...                                              
                                                  
l.4 –í–æ–∑–Ω–∏–∫–Ω–æ–≤–µ–Ω–∏–µ —Ç–µ–æ—Ä–∏–∏ –±–∏–æ
                                                  –ª–æ–≥–∏—á–µ—Å–∫–æ–π —ç–≤–...

You may provide a definition with
\DeclareUnicodeCharacter 


! Package inputenc Error: Unicode character –ª (U+043B)
(inputenc)                not set up for use with LaTeX.

See the inputenc package documentation for explanation.
Type  H <return>  for immediate help.
 ...                                              
                                                  
l.4 ...∑–Ω–∏–∫–Ω–æ–≤–µ–Ω–∏–µ —Ç–µ–æ—Ä–∏–∏ –±–∏–æ–ª
                                                  –æ–≥–∏—á–µ—Å–∫–æ–π —ç–≤–æ–...

You may provide a definition with
\DeclareUnicodeCharacter 


! Package inputenc Error: Unicode character –æ (U+043E)
(inputenc)                not set up for use with LaTeX.

See the inputenc package documentation for explanation.
Type  H <return>  for immediate help.
 ...                                              
                                                  
l.4 ...Ω–∏–∫–Ω–æ–≤–µ–Ω–∏–µ —Ç–µ–æ—Ä–∏–∏ –±–∏–æ–ª–æ
                                                  –≥–∏—á–µ—Å–∫–æ–π —ç–≤–æ–ª—...

You may provide a definition with
\DeclareUnicodeCharacter 


! Package inputenc Error: Unicode character –≥ (U+0433)
(inputenc)                not set up for use with LaTeX.

See the inputenc package documentation for explanation.
Type  H <return>  for immediate help.
 ...                                              
                                                  
l.4 ...∏–∫–Ω–æ–≤–µ–Ω–∏–µ —Ç–µ–æ—Ä–∏–∏ –±–∏–æ–ª–æ–≥
                                                  –∏—á–µ—Å–∫–æ–π —ç–≤–æ–ª—é—...

You may provide a definition with
\DeclareUnicodeCharacter 


! Package inputenc Error: Unicode character –∏ (U+0438)
(inputenc)                not set up for use with LaTeX.

See the inputenc package documentation for explanation.
Type  H <return>  for immediate help.
 ...                                              
                                                  
l.4 ...∫–Ω–æ–≤–µ–Ω–∏–µ —Ç–µ–æ—Ä–∏–∏ –±–∏–æ–ª–æ–≥–∏
                                                  —á–µ—Å–∫–æ–π —ç–≤–æ–ª—é—Ü–...

You may provide a definition with
\DeclareUnicodeCharacter 


! Package inputenc Error: Unicode character —á (U+0447)
(inputenc)                not set up for use with LaTeX.

See the inputenc package documentation for explanation.
Type  H <return>  for immediate help.
 ...                                              
                                                  
l.4 ...Ω–æ–≤–µ–Ω–∏–µ —Ç–µ–æ—Ä–∏–∏ –±–∏–æ–ª–æ–≥–∏—á
                                                  –µ—Å–∫–æ–π —ç–≤–æ–ª—é—Ü–∏–...

You may provide a definition with
\DeclareUnicodeCharacter 


! Package inputenc Error: Unicode character –µ (U+0435)
(inputenc)                not set up for use with LaTeX.

See the inputenc package documentation for explanation.
Type  H <return>  for immediate help.
 ...                                              
                                                  
l.4 ...æ–≤–µ–Ω–∏–µ —Ç–µ–æ—Ä–∏–∏ –±–∏–æ–ª–æ–≥–∏—á–µ
                                                  —Å–∫–æ–π —ç–≤–æ–ª—é—Ü–∏–∏ ...

You may provide a definition with
\DeclareUnicodeCharacter 


! Package inputenc Error: Unicode character —Å (U+0441)
(inputenc)                not set up for use with LaTeX.

See the inputenc package documentation for explanation.
Type  H <return>  for immediate help.
 ...                                              
                                                  
l.4 ...≤–µ–Ω–∏–µ —Ç–µ–æ—Ä–∏–∏ –±–∏–æ–ª–æ–≥–∏—á–µ—Å
                                                  –∫–æ–π —ç–≤–æ–ª—é—Ü–∏–∏ –±...

You may provide a definition with
\DeclareUnicodeCharacter 


! Package inputenc Error: Unicode character –∫ (U+043A)
(inputenc)                not set up for use with LaTeX.

See the inputenc package documentation for explanation.
Type  H <return>  for immediate help.
 ...                                              
                                                  
l.4 ...µ–Ω–∏–µ —Ç–µ–æ—Ä–∏–∏ –±–∏–æ–ª–æ–≥–∏—á–µ—Å–∫
                                                  –æ–π —ç–≤–æ–ª—é—Ü–∏–∏ –±–µ...

You may provide a definition with
\DeclareUnicodeCharacter 


! Package inputenc Error: Unicode character –æ (U+043E)
(inputenc)                not set up for use with LaTeX.

See the inputenc package documentation for explanation.
Type  H <return>  for immediate help.
 ...                                              
                                                  
l.4 ...Ω–∏–µ —Ç–µ–æ—Ä–∏–∏ –±–∏–æ–ª–æ–≥–∏—á–µ—Å–∫–æ
                                                  –π —ç–≤–æ–ª—é—Ü–∏–∏ –±–µ—Ä...

You may provide a definition with
\DeclareUnicodeCharacter 


! Package inputenc Error: Unicode character –π (U+0439)
(inputenc)                not set up for use with LaTeX.

See the inputenc package documentation for explanation.
Type  H <return>  for immediate help.
 ...                                              
                                                  
l.4 ...∏–µ —Ç–µ–æ—Ä–∏–∏ –±–∏–æ–ª–æ–≥–∏—á–µ—Å–∫–æ–π
                                                   —ç–≤–æ–ª—é—Ü–∏–∏ –±–µ—Ä–µ...

You may provide a definition with
\DeclareUnicodeCharacter 


! Package inputenc Error: Unicode character —ç (U+044D)
(inputenc)                not set up for use with LaTeX.

See the inputenc package documentation for explanation.
Type  H <return>  for immediate help.
 ...                                              
                                                  
l.4 ... —Ç–µ–æ—Ä–∏–∏ –±–∏–æ–ª–æ–≥–∏—á–µ—Å–∫–æ–π —ç
                                                  –≤–æ–ª—é—Ü–∏–∏ –±–µ—Ä–µ—Ç ...

You may provide a definition with
\DeclareUnicodeCharacter 


! Package inputenc Error: Unicode character –≤ (U+0432)
(inputenc)                not set up for use with LaTeX.

See the inputenc package documentation for explanation.
Type  H <return>  for immediate help.
 ...                                              
                                                  
l.4 ...Ç–µ–æ—Ä–∏–∏ –±–∏–æ–ª–æ–≥–∏—á–µ—Å–∫–æ–π —ç–≤
                                                  –æ–ª—é—Ü–∏–∏ –±–µ—Ä–µ—Ç —Å...

You may provide a definition with
\DeclareUnicodeCharacter 


! Package inputenc Error: Unicode character –æ (U+043E)
(inputenc)                not set up for use with LaTeX.

See the inputenc package documentation for explanation.
Type  H <return>  for immediate help.
 ...                                              
                                                  
l.4 ...µ–æ—Ä–∏–∏ –±–∏–æ–ª–æ–≥–∏—á–µ—Å–∫–æ–π —ç–≤–æ
                                                  –ª—é—Ü–∏–∏ –±–µ—Ä–µ—Ç —Å–≤...

You may provide a definition with
\DeclareUnicodeCharacter 


! Package inputenc Error: Unicode character –ª (U+043B)
(inputenc)                not set up for use with LaTeX.

See the inputenc package documentation for explanation.
Type  H <return>  for immediate help.
 ...                                              
                                                  
l.4 ...æ—Ä–∏–∏ –±–∏–æ–ª–æ–≥–∏—á–µ—Å–∫–æ–π —ç–≤–æ–ª
                                                  —é—Ü–∏–∏ –±–µ—Ä–µ—Ç —Å–≤–æ...

You may provide a definition with
\DeclareUnicodeCharacter 


! Package inputenc Error: Unicode character —é (U+044E)
(inputenc)                not set up for use with LaTeX.

See the inputenc package documentation for explanation.
Type  H <return>  for immediate help.
 ...                                              
                                                  
l.4 ...Ä–∏–∏ –±–∏–æ–ª–æ–≥–∏—á–µ—Å–∫–æ–π —ç–≤–æ–ª—é
                                                  —Ü–∏–∏ –±–µ—Ä–µ—Ç —Å–≤–æ–µ...

You may provide a definition with
\DeclareUnicodeCharacter 


! Package inputenc Error: Unicode character —Ü (U+0446)
(inputenc)                not set up for use with LaTeX.

See the inputenc package documentation for explanation.
Type  H <return>  for immediate help.
 ...                                              
                                                  
l.4 ...∏–∏ –±–∏–æ–ª–æ–≥–∏—á–µ—Å–∫–æ–π —ç–≤–æ–ª—é—Ü
                                                  –∏–∏ –±–µ—Ä–µ—Ç —Å–≤–æ–µ –...

You may provide a definition with
\DeclareUnicodeCharacter 


! Package inputenc Error: Unicode character –∏ (U+0438)
(inputenc)                not set up for use with LaTeX.

See the inputenc package documentation for explanation.
Type  H <return>  for immediate help.
 ...                                              
                                                  
l.4 ...∏ –±–∏–æ–ª–æ–≥–∏—á–µ—Å–∫–æ–π —ç–≤–æ–ª—é—Ü–∏
                                                  –∏ –±–µ—Ä–µ—Ç —Å–≤–æ–µ –Ω–...

You may provide a definition with
\DeclareUnicodeCharacter 


! Package inputenc Error: Unicode character –∏ (U+0438)
(inputenc)                not set up for use with LaTeX.

See the inputenc package documentation for explanation.
Type  H <return>  for immediate help.
 ...                                              
                                                  
l.4 ...–±–∏–æ–ª–æ–≥–∏—á–µ—Å–∫–æ–π —ç–≤–æ–ª—é—Ü–∏–∏
                                                   –±–µ—Ä–µ—Ç —Å–≤–æ–µ –Ω–∞—...

You may provide a definition with
\DeclareUnicodeCharacter 


! Package inputenc Error: Unicode character –± (U+0431)
(inputenc)                not set up for use with LaTeX.

See the inputenc package documentation for explanation.
Type  H <return>  for immediate help.
 ...                                              
                                                  
l.4 ...∏–æ–ª–æ–≥–∏—á–µ—Å–∫–æ–π —ç–≤–æ–ª—é—Ü–∏–∏ –±
                                                  –µ—Ä–µ—Ç —Å–≤–æ–µ –Ω–∞—á–∞...

You may provide a definition with
\DeclareUnicodeCharacter 


! Package inputenc Error: Unicode character –µ (U+0435)
(inputenc)                not set up for use with LaTeX.

See the inputenc package documentation for explanation.
Type  H <return>  for immediate help.
 ...                                              
                                                  
l.4 ...æ–ª–æ–≥–∏—á–µ—Å–∫–æ–π —ç–≤–æ–ª—é—Ü–∏–∏ –±–µ
                                                  —Ä–µ—Ç —Å–≤–æ–µ –Ω–∞—á–∞–ª...

You may provide a definition with
\DeclareUnicodeCharacter 


! Package inputenc Error: Unicode character —Ä (U+0440)
(inputenc)                not set up for use with LaTeX.

See the inputenc package documentation for explanation.
Type  H <return>  for immediate help.
 ...                                              
                                                  
l.4 ...ª–æ–≥–∏—á–µ—Å–∫–æ–π —ç–≤–æ–ª—é—Ü–∏–∏ –±–µ—Ä
                                                  –µ—Ç —Å–≤–æ–µ –Ω–∞—á–∞–ª–æ...

You may provide a definition with
\DeclareUnicodeCharacter 


! Package inputenc Error: Unicode character –µ (U+0435)
(inputenc)                not set up for use with LaTeX.

See the inputenc package documentation for explanation.
Type  H <return>  for immediate help.
 ...                                              
                                                  
l.4 ...æ–≥–∏—á–µ—Å–∫–æ–π —ç–≤–æ–ª—é—Ü–∏–∏ –±–µ—Ä–µ
                                                  —Ç —Å–≤–æ–µ –Ω–∞—á–∞–ª–æ –...

You may provide a definition with
\DeclareUnicodeCharacter 


! Package inputenc Error: Unicode character —Ç (U+0442)
(inputenc)                not set up for use with LaTeX.

See the inputenc package documentation for explanation.
Type  H <return>  for immediate help.
 ...                                              
                                                  
l.4 ...≥–∏—á–µ—Å–∫–æ–π —ç–≤–æ–ª—é—Ü–∏–∏ –±–µ—Ä–µ—Ç
                                                   —Å–≤–æ–µ –Ω–∞—á–∞–ª–æ –≤ ...

You may provide a definition with
\DeclareUnicodeCharacter 


! Package inputenc Error: Unicode character —Å (U+0441)
(inputenc)                not set up for use with LaTeX.

See the inputenc package documentation for explanation.
Type  H <return>  for immediate help.
 ...                                              
                                                  
l.4 ...—á–µ—Å–∫–æ–π —ç–≤–æ–ª—é—Ü–∏–∏ –±–µ—Ä–µ—Ç —Å
                                                  –≤–æ–µ –Ω–∞—á–∞–ª–æ –≤ 18 ...

You may provide a definition with
\DeclareUnicodeCharacter 


! Package inputenc Error: Unicode character –≤ (U+0432)
(inputenc)                not set up for use with LaTeX.

See the inputenc package documentation for explanation.
Type  H <return>  for immediate help.
 ...                                              
                                                  
l.4 ...–µ—Å–∫–æ–π —ç–≤–æ–ª—é—Ü–∏–∏ –±–µ—Ä–µ—Ç —Å–≤
                                                  –æ–µ –Ω–∞—á–∞–ª–æ –≤ 18 - ...

You may provide a definition with
\DeclareUnicodeCharacter 


! Package inputenc Error: Unicode character –æ (U+043E)
(inputenc)                not set up for use with LaTeX.

See the inputenc package documentation for explanation.
Type  H <return>  for immediate help.
 ...                                              
                                                  
l.4 ...—Å–∫–æ–π —ç–≤–æ–ª—é—Ü–∏–∏ –±–µ—Ä–µ—Ç —Å–≤–æ
                                                  –µ –Ω–∞—á–∞–ª–æ –≤ 18 - –æ...

You may provide a definition with
\DeclareUnicodeCharacter 


! Package inputenc Error: Unicode character –µ (U+0435)
(inputenc)                not set up for use with LaTeX.

See the inputenc package documentation for explanation.
Type  H <return>  for immediate help.
 ...                                              
                                                  
l.4 ...–∫–æ–π —ç–≤–æ–ª—é—Ü–∏–∏ –±–µ—Ä–µ—Ç —Å–≤–æ–µ
                                                   –Ω–∞—á–∞–ª–æ –≤ 18 - –æ–º...

You may provide a definition with
\DeclareUnicodeCharacter 


! Package inputenc Error: Unicode character –Ω (U+043D)
(inputenc)                not set up for use with LaTeX.

See the inputenc package documentation for explanation.
Type  H <return>  for immediate help.
 ...                                              
                                                  
l.4 ...æ–π —ç–≤–æ–ª—é—Ü–∏–∏ –±–µ—Ä–µ—Ç —Å–≤–æ–µ –Ω
                                                  –∞—á–∞–ª–æ –≤ 18 - –æ–º –≤...

You may provide a definition with
\DeclareUnicodeCharacter 


! Package inputenc Error: Unicode character –∞ (U+0430)
(inputenc)                not set up for use with LaTeX.

See the inputenc package documentation for explanation.
Type  H <return>  for immediate help.
 ...                                              
                                                  
l.4 ...π —ç–≤–æ–ª—é—Ü–∏–∏ –±–µ—Ä–µ—Ç —Å–≤–æ–µ –Ω–∞
                                                  —á–∞–ª–æ –≤ 18 - –æ–º –≤–µ...

You may provide a definition with
\DeclareUnicodeCharacter 


! Package inputenc Error: Unicode character —á (U+0447)
(inputenc)                not set up for use with LaTeX.

See the inputenc package documentation for explanation.
Type  H <return>  for immediate help.
 ...                                              
                                                  
l.4 ...—ç–≤–æ–ª—é—Ü–∏–∏ –±–µ—Ä–µ—Ç —Å–≤–æ–µ –Ω–∞—á
                                                  –∞–ª–æ –≤ 18 - –æ–º –≤–µ–∫...

You may provide a definition with
\DeclareUnicodeCharacter 


! Package inputenc Error: Unicode character –∞ (U+0430)
(inputenc)                not set up for use with LaTeX.

See the inputenc package documentation for explanation.
Type  H <return>  for immediate help.
 ...                                              
                                                  
l.4 ...–≤–æ–ª—é—Ü–∏–∏ –±–µ—Ä–µ—Ç —Å–≤–æ–µ –Ω–∞—á–∞
                                                  –ª–æ –≤ 18 - –æ–º –≤–µ–∫–µ...

You may provide a definition with
\DeclareUnicodeCharacter 


! Package inputenc Error: Unicode character –ª (U+043B)
(inputenc)                not set up for use with LaTeX.

See the inputenc package documentation for explanation.
Type  H <return>  for immediate help.
 ...                                              
                                                  
l.4 ...–æ–ª—é—Ü–∏–∏ –±–µ—Ä–µ—Ç —Å–≤–æ–µ –Ω–∞—á–∞–ª
                                                  –æ –≤ 18 - –æ–º –≤–µ–∫–µ. ...

You may provide a definition with
\DeclareUnicodeCharacter 


! Package inputenc Error: Unicode character –æ (U+043E)
(inputenc)                not set up for use with LaTeX.

See the inputenc package documentation for explanation.
Type  H <return>  for immediate help.
 ...                                              
                                                  
l.4 ...–ª—é—Ü–∏–∏ –±–µ—Ä–µ—Ç —Å–≤–æ–µ –Ω–∞—á–∞–ª–æ
                                                   –≤ 18 - –æ–º –≤–µ–∫–µ. –û...

You may provide a definition with
\DeclareUnicodeCharacter 


! Package inputenc Error: Unicode character –≤ (U+0432)
(inputenc)                not set up for use with LaTeX.

See the inputenc package documentation for explanation.
Type  H <return>  for immediate help.
 ...                                              
                                                  
l.4 ...é—Ü–∏–∏ –±–µ—Ä–µ—Ç —Å–≤–æ–µ –Ω–∞—á–∞–ª–æ –≤
                                                   18 - –æ–º –≤–µ–∫–µ. –û–¥–...

You may provide a definition with
\DeclareUnicodeCharacter 


! LaTeX Error: Missing \begin{document}.

See the LaTeX manual or LaTeX Companion for explanation.
Type  H <return>  for immediate help.
 ...                                              
                                                  
l.4 ...Ü–∏–∏ –±–µ—Ä–µ—Ç —Å–≤–æ–µ –Ω–∞—á–∞–ª–æ –≤ 1
                                                  8 - –æ–º –≤–µ–∫–µ. –û–¥–Ω–...

You're in trouble here.  Try typing  <return>  to proceed.
If that doesn't work, type  X <return>  to quit.

Missing character: There is no 1 in font nullfont!
Missing character: There is no 8 in font nullfont!
Missing character: There is no - in font nullfont!

! Package inputenc Error: Unicode character –æ (U+043E)
(inputenc)                not set up for use with LaTeX.

See the inputenc package documentation for explanation.
Type  H <return>  for immediate help.
 ...                                              
                                                  
l.4 ...–±–µ—Ä–µ—Ç —Å–≤–æ–µ –Ω–∞—á–∞–ª–æ –≤ 18 - –æ
                                                  –º –≤–µ–∫–µ. –û–¥–Ω–∏–º –∏...

You may provide a definition with
\DeclareUnicodeCharacter 


! Package inputenc Error: Unicode character –º (U+043C)
(inputenc)                not set up for use with LaTeX.

See the inputenc package documentation for explanation.
Type  H <return>  for immediate help.
 ...                                              
                                                  
l.4 ...–µ—Ä–µ—Ç —Å–≤–æ–µ –Ω–∞—á–∞–ª–æ –≤ 18 - –æ–º
                                                   –≤–µ–∫–µ. –û–¥–Ω–∏–º –∏–∑...

You may provide a definition with
\DeclareUnicodeCharacter 


! Package inputenc Error: Unicode character –≤ (U+0432)
(inputenc)                not set up for use with LaTeX.

See the inputenc package documentation for explanation.
Type  H <return>  for immediate help.
 ...                                              
                                                  
l.4 ...Ä–µ—Ç —Å–≤–æ–µ –Ω–∞—á–∞–ª–æ –≤ 18 - –æ–º –≤
                                                  –µ–∫–µ. –û–¥–Ω–∏–º –∏–∑ –ø...

You may provide a definition with
\DeclareUnicodeCharacter 


! Package inputenc Error: Unicode character –µ (U+0435)
(inputenc)                not set up for use with LaTeX.

See the inputenc package documentation for explanation.
Type  H <return>  for immediate help.
 ...                                              
                                                  
l.4 ...µ—Ç —Å–≤–æ–µ –Ω–∞—á–∞–ª–æ –≤ 18 - –æ–º –≤–µ
                                                  –∫–µ. –û–¥–Ω–∏–º –∏–∑ –ø–µ...

You may provide a definition with
\DeclareUnicodeCharacter 


! Package inputenc Error: Unicode character –∫ (U+043A)
(inputenc)                not set up for use with LaTeX.

See the inputenc package documentation for explanation.
Type  H <return>  for immediate help.
 ...                                              
                                                  
l.4 ...Ç —Å–≤–æ–µ –Ω–∞—á–∞–ª–æ –≤ 18 - –æ–º –≤–µ–∫
                                                  –µ. –û–¥–Ω–∏–º –∏–∑ –ø–µ—Ä...

You may provide a definition with
\DeclareUnicodeCharacter 


! Package inputenc Error: Unicode character –µ (U+0435)
(inputenc)                not set up for use with LaTeX.

See the inputenc package documentation for explanation.
Type  H <return>  for immediate help.
 ...                                              
                                                  
l.4 ...—Å–≤–æ–µ –Ω–∞—á–∞–ª–æ –≤ 18 - –æ–º –≤–µ–∫–µ
                                                  . –û–¥–Ω–∏–º –∏–∑ –ø–µ—Ä–≤...

You may provide a definition with
\DeclareUnicodeCharacter 

Missing character: There is no . in font nullfont!

! Package inputenc Error: Unicode character –û (U+041E)
(inputenc)                not set up for use with LaTeX.

See the inputenc package documentation for explanation.
Type  H <return>  for immediate help.
 ...                                              
                                                  
l.4 ...–æ–µ –Ω–∞—á–∞–ª–æ –≤ 18 - –æ–º –≤–µ–∫–µ. –û
                                                  –¥–Ω–∏–º –∏–∑ –ø–µ—Ä–≤—ã—Ö...

You may provide a definition with
\DeclareUnicodeCharacter 


! Package inputenc Error: Unicode character –¥ (U+0434)
(inputenc)                not set up for use with LaTeX.

See the inputenc package documentation for explanation.
Type  H <return>  for immediate help.
 ...                                              
                                                  
l.4 ...–µ –Ω–∞—á–∞–ª–æ –≤ 18 - –æ–º –≤–µ–∫–µ. –û–¥
                                                  –Ω–∏–º –∏–∑ –ø–µ—Ä–≤—ã—Ö, ...

You may provide a definition with
\DeclareUnicodeCharacter 


! Package inputenc Error: Unicode character –Ω (U+043D)
(inputenc)                not set up for use with LaTeX.

See the inputenc package documentation for explanation.
Type  H <return>  for immediate help.
 ...                                              
                                                  
l.4 ... –Ω–∞—á–∞–ª–æ –≤ 18 - –æ–º –≤–µ–∫–µ. –û–¥–Ω
                                                  –∏–º –∏–∑ –ø–µ—Ä–≤—ã—Ö, –∫...

You may provide a definition with
\DeclareUnicodeCharacter 


! Package inputenc Error: Unicode character –∏ (U+0438)
(inputenc)                not set up for use with LaTeX.

See the inputenc package documentation for explanation.
Type  H <return>  for immediate help.
 ...                                              
                                                  
l.4 ...Ω–∞—á–∞–ª–æ –≤ 18 - –æ–º –≤–µ–∫–µ. –û–¥–Ω–∏
                                                  –º –∏–∑ –ø–µ—Ä–≤—ã—Ö, –∫—Ç...

You may provide a definition with
\DeclareUnicodeCharacter 


! Package inputenc Error: Unicode character –º (U+043C)
(inputenc)                not set up for use with LaTeX.

See the inputenc package documentation for explanation.
Type  H <return>  for immediate help.
 ...                                              
                                                  
l.4 ...∞—á–∞–ª–æ –≤ 18 - –æ–º –≤–µ–∫–µ. –û–¥–Ω–∏–º
                                                   –∏–∑ –ø–µ—Ä–≤—ã—Ö, –∫—Ç–æ...

You may provide a definition with
\DeclareUnicodeCharacter 


! Package inputenc Error: Unicode character –∏ (U+0438)
(inputenc)                not set up for use with LaTeX.

See the inputenc package documentation for explanation.
Type  H <return>  for immediate help.
 ...                                              
                                                  
l.4 ...–∞–ª–æ –≤ 18 - –æ–º –≤–µ–∫–µ. –û–¥–Ω–∏–º –∏
                                                  –∑ –ø–µ—Ä–≤—ã—Ö, –∫—Ç–æ –ø...

You may provide a definition with
\DeclareUnicodeCharacter 


! Package inputenc Error: Unicode character –∑ (U+0437)
(inputenc)                not set up for use with LaTeX.

See the inputenc package documentation for explanation.
Type  H <return>  for immediate help.
 ...                                              
                                                  
l.4 ...–ª–æ –≤ 18 - –æ–º –≤–µ–∫–µ. –û–¥–Ω–∏–º –∏–∑
                                                   –ø–µ—Ä–≤—ã—Ö, –∫—Ç–æ –ø–æ...

You may provide a definition with
\DeclareUnicodeCharacter 


! Package inputenc Error: Unicode character –ø (U+043F)
(inputenc)                not set up for use with LaTeX.

See the inputenc package documentation for explanation.
Type  H <return>  for immediate help.
 ...                                              
                                                  
l.4 ...æ –≤ 18 - –æ–º –≤–µ–∫–µ. –û–¥–Ω–∏–º –∏–∑ –ø
                                                  –µ—Ä–≤—ã—Ö, –∫—Ç–æ –ø–æ–ø—...

You may provide a definition with
\DeclareUnicodeCharacter 


! Package inputenc Error: Unicode character –µ (U+0435)
(inputenc)                not set up for use with LaTeX.

See the inputenc package documentation for explanation.
Type  H <return>  for immediate help.
 ...                                              
                                                  
l.4 ...–≤ 18 - –æ–º –≤–µ–∫–µ. –û–¥–Ω–∏–º –∏–∑ –ø–µ
                                                  —Ä–≤—ã—Ö, –∫—Ç–æ –ø–æ–ø—ã—...

You may provide a definition with
\DeclareUnicodeCharacter 


! Package inputenc Error: Unicode character —Ä (U+0440)
(inputenc)                not set up for use with LaTeX.

See the inputenc package documentation for explanation.
Type  H <return>  for immediate help.
 ...                                              
                                                  
l.4 ... 18 - –æ–º –≤–µ–∫–µ. –û–¥–Ω–∏–º –∏–∑ –ø–µ—Ä
                                                  –≤—ã—Ö, –∫—Ç–æ –ø–æ–ø—ã—Ç–...

You may provide a definition with
\DeclareUnicodeCharacter 


! Package inputenc Error: Unicode character –≤ (U+0432)
(inputenc)                not set up for use with LaTeX.

See the inputenc package documentation for explanation.
Type  H <return>  for immediate help.
 ...                                              
                                                  
l.4 ...8 - –æ–º –≤–µ–∫–µ. –û–¥–Ω–∏–º –∏–∑ –ø–µ—Ä–≤
                                                  —ã—Ö, –∫—Ç–æ –ø–æ–ø—ã—Ç–∞–...

You may provide a definition with
\DeclareUnicodeCharacter 


! Package inputenc Error: Unicode character —ã (U+044B)
(inputenc)                not set up for use with LaTeX.

See the inputenc package documentation for explanation.
Type  H <return>  for immediate help.
 ...                                              
                                                  
l.4 ...- –æ–º –≤–µ–∫–µ. –û–¥–Ω–∏–º –∏–∑ –ø–µ—Ä–≤—ã
                                                  —Ö, –∫—Ç–æ –ø–æ–ø—ã—Ç–∞–ª—...

You may provide a definition with
\DeclareUnicodeCharacter 


! Package inputenc Error: Unicode character —Ö (U+0445)
(inputenc)                not set up for use with LaTeX.

See the inputenc package documentation for explanation.
Type  H <return>  for immediate help.
 ...                                              
                                                  
l.4 ...–æ–º –≤–µ–∫–µ. –û–¥–Ω–∏–º –∏–∑ –ø–µ—Ä–≤—ã—Ö
                                                  , –∫—Ç–æ –ø–æ–ø—ã—Ç–∞–ª—Å—...

You may provide a definition with
\DeclareUnicodeCharacter 

Missing character: There is no , in font nullfont!

! Package inputenc Error: Unicode character –∫ (U+043A)
(inputenc)                not set up for use with LaTeX.

See the inputenc package documentation for explanation.
Type  H <return>  for immediate help.
 ...                                              
                                                  
l.4 ... –≤–µ–∫–µ. –û–¥–Ω–∏–º –∏–∑ –ø–µ—Ä–≤—ã—Ö, –∫
                                                  —Ç–æ –ø–æ–ø—ã—Ç–∞–ª—Å—è –≤...

You may provide a definition with
\DeclareUnicodeCharacter 


! Package inputenc Error: Unicode character —Ç (U+0442)
(inputenc)                not set up for use with LaTeX.

See the inputenc package documentation for explanation.
Type  H <return>  for immediate help.
 ...                                              
                                                  
l.4 ...≤–µ–∫–µ. –û–¥–Ω–∏–º –∏–∑ –ø–µ—Ä–≤—ã—Ö, –∫—Ç
                                                  –æ –ø–æ–ø—ã—Ç–∞–ª—Å—è –≤—ã...

You may provide a definition with
\DeclareUnicodeCharacter 


! Package inputenc Error: Unicode character –æ (U+043E)
(inputenc)                not set up for use with LaTeX.

See the inputenc package documentation for explanation.
Type  H <return>  for immediate help.
 ...                                              
                                                  
l.4 ...µ–∫–µ. –û–¥–Ω–∏–º –∏–∑ –ø–µ—Ä–≤—ã—Ö, –∫—Ç–æ
                                                   –ø–æ–ø—ã—Ç–∞–ª—Å—è –≤—ã—è...

You may provide a definition with
\DeclareUnicodeCharacter 


! Package inputenc Error: Unicode character –ø (U+043F)
(inputenc)                not set up for use with LaTeX.

See the inputenc package documentation for explanation.
Type  H <return>  for immediate help.
 ...                                              
                                                  
l.4 ...–µ. –û–¥–Ω–∏–º –∏–∑ –ø–µ—Ä–≤—ã—Ö, –∫—Ç–æ –ø
                                                  –æ–ø—ã—Ç–∞–ª—Å—è –≤—ã—è—Å–...

You may provide a definition with
\DeclareUnicodeCharacter 


! Package inputenc Error: Unicode character –æ (U+043E)
(inputenc)                not set up for use with LaTeX.

See the inputenc package documentation for explanation.
Type  H <return>  for immediate help.
 ...                                              
                                                  
l.4 .... –û–¥–Ω–∏–º –∏–∑ –ø–µ—Ä–≤—ã—Ö, –∫—Ç–æ –ø–æ
                                                  –ø—ã—Ç–∞–ª—Å—è –≤—ã—è—Å–Ω–...

You may provide a definition with
\DeclareUnicodeCharacter 


! Package inputenc Error: Unicode character –ø (U+043F)
(inputenc)                not set up for use with LaTeX.

See the inputenc package documentation for explanation.
Type  H <return>  for immediate help.
 ...                                              
                                                  
l.4 ...–û–¥–Ω–∏–º –∏–∑ –ø–µ—Ä–≤—ã—Ö, –∫—Ç–æ –ø–æ–ø
                                                  —ã—Ç–∞–ª—Å—è –≤—ã—è—Å–Ω–∏—...

You may provide a definition with
\DeclareUnicodeCharacter 


! Package inputenc Error: Unicode character —ã (U+044B)
(inputenc)                not set up for use with LaTeX.

See the inputenc package documentation for explanation.
Type  H <return>  for immediate help.
 ...                                              
                                                  
l.4 ...–¥–Ω–∏–º –∏–∑ –ø–µ—Ä–≤—ã—Ö, –∫—Ç–æ –ø–æ–ø—ã
                                                  —Ç–∞–ª—Å—è –≤—ã—è—Å–Ω–∏—Ç—...

You may provide a definition with
\DeclareUnicodeCharacter 


! Package inputenc Error: Unicode character —Ç (U+0442)
(inputenc)                not set up for use with LaTeX.

See the inputenc package documentation for explanation.
Type  H <return>  for immediate help.
 ...                                              
                                                  
l.4 ...–Ω–∏–º –∏–∑ –ø–µ—Ä–≤—ã—Ö, –∫—Ç–æ –ø–æ–ø—ã—Ç
                                                  –∞–ª—Å—è –≤—ã—è—Å–Ω–∏—Ç—å ...

You may provide a definition with
\DeclareUnicodeCharacter 


! Package inputenc Error: Unicode character –∞ (U+0430)
(inputenc)                not set up for use with LaTeX.

See the inputenc package documentation for explanation.
Type  H <return>  for immediate help.
 ...                                              
                                                  
l.4 ...–∏–º –∏–∑ –ø–µ—Ä–≤—ã—Ö, –∫—Ç–æ –ø–æ–ø—ã—Ç–∞
                                                  –ª—Å—è –≤—ã—è—Å–Ω–∏—Ç—å –∫...

You may provide a definition with
\DeclareUnicodeCharacter 


! Package inputenc Error: Unicode character –ª (U+043B)
(inputenc)                not set up for use with LaTeX.

See the inputenc package documentation for explanation.
Type  H <return>  for immediate help.
 ...                                              
                                                  
l.4 ...–º –∏–∑ –ø–µ—Ä–≤—ã—Ö, –∫—Ç–æ –ø–æ–ø—ã—Ç–∞–ª
                                                  —Å—è –≤—ã—è—Å–Ω–∏—Ç—å –∫–∞...

You may provide a definition with
\DeclareUnicodeCharacter 


! Package inputenc Error: Unicode character —Å (U+0441)
(inputenc)                not set up for use with LaTeX.

See the inputenc package documentation for explanation.
Type  H <return>  for immediate help.
 ...                                              
                                                  
l.4 ... –∏–∑ –ø–µ—Ä–≤—ã—Ö, –∫—Ç–æ –ø–æ–ø—ã—Ç–∞–ª—Å
                                                  —è –≤—ã—è—Å–Ω–∏—Ç—å –∫–∞–∫...

You may provide a definition with
\DeclareUnicodeCharacter 


! Package inputenc Error: Unicode character —è (U+044F)
(inputenc)                not set up for use with LaTeX.

See the inputenc package documentation for explanation.
Type  H <return>  for immediate help.
 ...                                              
                                                  
l.4 ...∏–∑ –ø–µ—Ä–≤—ã—Ö, –∫—Ç–æ –ø–æ–ø—ã—Ç–∞–ª—Å—è
                                                   –≤—ã—è—Å–Ω–∏—Ç—å –∫–∞–∫ –...

You may provide a definition with
\DeclareUnicodeCharacter 


! Package inputenc Error: Unicode character –≤ (U+0432)
(inputenc)                not set up for use with LaTeX.

See the inputenc package documentation for explanation.
Type  H <return>  for immediate help.
 ...                                              
                                                  
l.4 ... –ø–µ—Ä–≤—ã—Ö, –∫—Ç–æ –ø–æ–ø—ã—Ç–∞–ª—Å—è –≤
                                                  —ã—è—Å–Ω–∏—Ç—å –∫–∞–∫ –ø—Ä...

You may provide a definition with
\DeclareUnicodeCharacter 


! Package inputenc Error: Unicode character —ã (U+044B)
(inputenc)                not set up for use with LaTeX.

See the inputenc package documentation for explanation.
Type  H <return>  for immediate help.
 ...                                              
                                                  
l.4 ...ø–µ—Ä–≤—ã—Ö, –∫—Ç–æ –ø–æ–ø—ã—Ç–∞–ª—Å—è –≤—ã
                                                  —è—Å–Ω–∏—Ç—å –∫–∞–∫ –ø—Ä–æ...

You may provide a definition with
\DeclareUnicodeCharacter 


! Package inputenc Error: Unicode character —è (U+044F)
(inputenc)                not set up for use with LaTeX.

See the inputenc package documentation for explanation.
Type  H <return>  for immediate help.
 ...                                              
                                                  
l.4 ...µ—Ä–≤—ã—Ö, –∫—Ç–æ –ø–æ–ø—ã—Ç–∞–ª—Å—è –≤—ã—è
                                                  —Å–Ω–∏—Ç—å –∫–∞–∫ –ø—Ä–æ—Ç...

You may provide a definition with
\DeclareUnicodeCharacter 


! Package inputenc Error: Unicode character —Å (U+0441)
(inputenc)                not set up for use with LaTeX.

See the inputenc package documentation for explanation.
Type  H <return>  for immediate help.
 ...                                              
                                                  
l.4 ...Ä–≤—ã—Ö, –∫—Ç–æ –ø–æ–ø—ã—Ç–∞–ª—Å—è –≤—ã—è—Å
                                                  –Ω–∏—Ç—å –∫–∞–∫ –ø—Ä–æ—Ç–µ...

You may provide a definition with
\DeclareUnicodeCharacter 


! Package inputenc Error: Unicode character –Ω (U+043D)
(inputenc)                not set up for use with LaTeX.

See the inputenc package documentation for explanation.
Type  H <return>  for immediate help.
 ...                                              
                                                  
l.4 ...≤—ã—Ö, –∫—Ç–æ –ø–æ–ø—ã—Ç–∞–ª—Å—è –≤—ã—è—Å–Ω
                                                  –∏—Ç—å –∫–∞–∫ –ø—Ä–æ—Ç–µ–∫...

You may provide a definition with
\DeclareUnicodeCharacter 


! Package inputenc Error: Unicode character –∏ (U+0438)
(inputenc)                not set up for use with LaTeX.

See the inputenc package documentation for explanation.
Type  H <return>  for immediate help.
 ...                                              
                                                  
l.4 ...ã—Ö, –∫—Ç–æ –ø–æ–ø—ã—Ç–∞–ª—Å—è –≤—ã—è—Å–Ω–∏
                                                  —Ç—å –∫–∞–∫ –ø—Ä–æ—Ç–µ–∫–∞...

You may provide a definition with
\DeclareUnicodeCharacter 


! Package inputenc Error: Unicode character —Ç (U+0442)
(inputenc)                not set up for use with LaTeX.

See the inputenc package documentation for explanation.
Type  H <return>  for immediate help.
 ...                                              
                                                  
l.4 ...Ö, –∫—Ç–æ –ø–æ–ø—ã—Ç–∞–ª—Å—è –≤—ã—è—Å–Ω–∏—Ç
                                                  —å –∫–∞–∫ –ø—Ä–æ—Ç–µ–∫–∞–µ...

You may provide a definition with
\DeclareUnicodeCharacter 


! Package inputenc Error: Unicode character —å (U+044C)
(inputenc)                not set up for use with LaTeX.

See the inputenc package documentation for explanation.
Type  H <return>  for immediate help.
 ...                                              
                                                  
l.4 ... –∫—Ç–æ –ø–æ–ø—ã—Ç–∞–ª—Å—è –≤—ã—è—Å–Ω–∏—Ç—å
                                                   –∫–∞–∫ –ø—Ä–æ—Ç–µ–∫–∞–µ—Ç...

You may provide a definition with
\DeclareUnicodeCharacter 


! Package inputenc Error: Unicode character –∫ (U+043A)
(inputenc)                not set up for use with LaTeX.

See the inputenc package documentation for explanation.
Type  H <return>  for immediate help.
 ...                                              
                                                  
l.4 ...—Ç–æ –ø–æ–ø—ã—Ç–∞–ª—Å—è –≤—ã—è—Å–Ω–∏—Ç—å –∫
                                                  –∞–∫ –ø—Ä–æ—Ç–µ–∫–∞–µ—Ç –ø...

You may provide a definition with
\DeclareUnicodeCharacter 


! Package inputenc Error: Unicode character –∞ (U+0430)
(inputenc)                not set up for use with LaTeX.

See the inputenc package documentation for explanation.
Type  H <return>  for immediate help.
 ...                                              
                                                  
l.4 ...–æ –ø–æ–ø—ã—Ç–∞–ª—Å—è –≤—ã—è—Å–Ω–∏—Ç—å –∫–∞
                                                  –∫ –ø—Ä–æ—Ç–µ–∫–∞–µ—Ç –ø—Ä...

You may provide a definition with
\DeclareUnicodeCharacter 


! Package inputenc Error: Unicode character –∫ (U+043A)
(inputenc)                not set up for use with LaTeX.

See the inputenc package documentation for explanation.
Type  H <return>  for immediate help.
 ...                                              
                                                  
l.4 ... –ø–æ–ø—ã—Ç–∞–ª—Å—è –≤—ã—è—Å–Ω–∏—Ç—å –∫–∞–∫
                                                   –ø—Ä–æ—Ç–µ–∫–∞–µ—Ç –ø—Ä–æ...

You may provide a definition with
\DeclareUnicodeCharacter 


! Package inputenc Error: Unicode character –ø (U+043F)
(inputenc)                not set up for use with LaTeX.

See the inputenc package documentation for explanation.
Type  H <return>  for immediate help.
 ...                                              
                                                  
l.4 ...–æ–ø—ã—Ç–∞–ª—Å—è –≤—ã—è—Å–Ω–∏—Ç—å –∫–∞–∫ –ø
                                                  —Ä–æ—Ç–µ–∫–∞–µ—Ç –ø—Ä–æ—Ü–...
(That makes 100 errors; please try again.) 
Here is how much of TeX's memory you used:
 48 strings out of 481226
 894 string characters out of 2904292
 242091 words of memory out of 3000000
 15724 multiletter control sequences out of 15000+200000
 535088 words of font info for 29 fonts, out of 3000000 for 9000
 1141 hyphenation exceptions out of 8191
 12i,0n,15p,776b,28s stack positions out of 5000i,500n,10000p,200000b,50000s

No pages of output.
